[05/17/24, 11:33:23:305] info: 
╔═══════════════════════════════════════════════╗
║      Slack 4.37.101, linux 6.6.30 on x64      ║
╚═══════════════════════════════════════════════╝ 
[05/17/24, 11:33:23:306] info: Configured logger via 
{
  "loggerInstanceCount": 1
}
[05/17/24, 11:33:23:344] info: Predefined values for process 
{
  "NODE_ENV": "production",
  "platform": "linux",
  "type": "browser",
  "timeZone": "America/Chicago",
  "PACKAGE_MANIFEST.productName": "Slack",
  "PACKAGE_MANIFEST.version": "4.37.101",
  "PACKAGE_MANIFEST.commit": "889becc",
  "PACKAGE_MANIFEST.branch": "HEAD"
}
[05/17/24, 11:33:23:608] info: Starting Sentry 
[05/17/24, 11:33:23:609] info: persistUuid:: Generated uuid 
{
  "uuid": "bc6db258-01c0-41b7-ba1b-f52aaecf1418"
}
[05/17/24, 11:33:23:610] info: persistUuid:: Uuid persisted successfully 
[05/17/24, 11:33:23:610] info: getSentryDSN: Setting sentry URL to slack.com 
[05/17/24, 11:33:23:644] info: Could not load previous electron version 
[05/17/24, 11:33:23:813] info: Breadcrumb: electron: app.will-finish-launching 
[05/17/24, 11:33:23:821] info: Breadcrumb: electron: app.ready 
[05/17/24, 11:33:23:858] info: Breadcrumb: electron: app.session-created 
[05/17/24, 11:33:23:861] info: Breadcrumb: electron: app.session-created 
[05/17/24, 11:33:23:894] info: Store: persist/PERSIST 
[05/17/24, 11:33:23:897] info: Store: UPDATE_SETTINGS 
{
  "locale": "en-US"
}
[05/17/24, 11:33:23:902] info: Migrating from redux-persist@v4 
[05/17/24, 11:33:23:903] info: Finished migrating state 
{
  "keys": [
    "_persist"
  ],
  "version": 1
}
[05/17/24, 11:33:23:903] info: Store: persist/REHYDRATE 
{
  "_persist": "Persistence version: 1"
}
[05/17/24, 11:33:23:905] info: Store: RECORD_PERFORMANCE_TIMING 
{
  "phase": 0,
  "interval": 17
}
[05/17/24, 11:33:23:908] info: Store: INITIALIZE 
{
  "resourcePath": "/nix/store/cqwb063l4an2bnv3f7v8bb2khhzw54qr-slack-4.37.101/lib/slack/resources/app.asar",
  "silent": true,
  "tsaToken": "[REDACTED]",
  "bootFragments": []
}
[05/17/24, 11:33:23:929] info: Store: SET_SESSION_MODE 
[05/17/24, 11:33:23:931] info: Feature Check: requesting features from https://app.slack.com/api/ 
[05/17/24, 11:33:23:936] info: Breadcrumb: electron: powerMonitor.newListener 
[05/17/24, 11:33:23:938] info: Breadcrumb: electron: powerMonitor.newListener 
[05/17/24, 11:33:23:946] error: Failed to load calls-desktop-interop.WindowBorderPanel 
{
  "error": {
    "stack": "Error: Module did not self-register: '/nix/store/cqwb063l4an2bnv3f7v8bb2khhzw54qr-slack-4.37.101/lib/slack/resources/app.asar.unpacked/node_modules/@tinyspeck/huddles-desktop-utils/build/Release/CallsDesktopInterop.node'.\n    at process.func [as dlopen] (node:electron/js2c/node_init:2:2214)\n    at Module._extensions..node (node:internal/modules/cjs/loader:1343:18)\n    at Object.func [as .node] (node:electron/js2c/node_init:2:2441)\n    at Module.load (node:internal/modules/cjs/loader:1098:32)\n    at Module._load (node:internal/modules/cjs/loader:945:12)\n    at c._load (node:electron/js2c/node_init:2:13672)\n    at Module.require (node:internal/modules/cjs/loader:1122:19)\n    at require (node:internal/modules/helpers:130:18)\n    at bindings (/nix/store/cqwb063l4an2bnv3f7v8bb2khhzw54qr-slack-4.37.101/lib/slack/resources/app.asar/node_modules/bindings/bindings.js:112:48)\n    at Object.<anonymous> (/nix/store/cqwb063l4an2bnv3f7v8bb2khhzw54qr-slack-4.37.101/lib/slack/resources/app.asar/node_modules/@tinyspeck/huddles-desktop-utils/lib/index.js:1:34)",
    "message": "Module did not self-register: '/nix/store/cqwb063l4an2bnv3f7v8bb2khhzw54qr-slack-4.37.101/lib/slack/resources/app.asar.unpacked/node_modules/@tinyspeck/huddles-desktop-utils/build/Release/CallsDesktopInterop.node'.",
    "code": "ERR_DLOPEN_FAILED"
  },
  "stackFrameString": "[{\"columnNumber\":2214,\"lineNumber\":2,\"fileName\":\"node:electron/js2c/node_init\",\"functionName\":\"process.func [as dlopen]\",\"source\":\"    at process.func [as dlopen] (node:electron/js2c/node_init:2:2214)\"},{\"columnNumber\":18,\"lineNumber\":1343,\"fileName\":\"node:internal/modules/cjs/loader\",\"functionName\":\"Module._extensions..node\",\"source\":\"    at Module._extensions..node (node:internal/modules/cjs/loader:1343:18)\"},{\"columnNumber\":2441,\"lineNumber\":2,\"fileName\":\"node:electron/js2c/node_init\",\"functionName\":\"Object.func [as .node]\",\"source\":\"    at Object.func [as .node] (node:electron/js2c/node_init:2:2441)\"},{\"columnNumber\":32,\"lineNumber\":1098,\"fileName\":\"node:internal/modules/cjs/loader\",\"functionName\":\"Module.load\",\"source\":\"    at Module.load (node:internal/modules/cjs/loader:1098:32)\"},{\"columnNumber\":12,\"lineNumber\":945,\"fileName\":\"node:internal/modules/cjs/loader\",\"functionName\":\"Module._load\",\"source\":\"    at Module._load (node:internal/modules/cjs/loader:945:12)\"},{\"columnNumber\":13672,\"lineNumber\":2,\"fileName\":\"node:electron/js2c/node_init\",\"functionName\":\"c._load\",\"source\":\"    at c._load (node:electron/js2c/node_init:2:13672)\"},{\"columnNumber\":19,\"lineNumber\":1122,\"fileName\":\"node:internal/modules/cjs/loader\",\"functionName\":\"Module.require\",\"source\":\"    at Module.require (node:internal/modules/cjs/loader:1122:19)\"},{\"columnNumber\":18,\"lineNumber\":130,\"fileName\":\"node:internal/modules/helpers\",\"functionName\":\"require\",\"source\":\"    at require (node:internal/modules/helpers:130:18)\"},{\"columnNumber\":48,\"lineNumber\":112,\"fileName\":\"/nix/store/cqwb063l4an2bnv3f7v8bb2khhzw54qr-slack-4.37.101/lib/slack/resources/app.asar/node_modules/bindings/bindings.js\",\"functionName\":\"bindings\",\"source\":\"    at bindings (/nix/store/cqwb063l4an2bnv3f7v8bb2khhzw54qr-slack-4.37.101/lib/slack/resources/app.asar/node_modules/bindings/bindings.js:112:48)\"},{\"columnNumber\":34,\"lineNumber\":1,\"fileName\":\"/nix/store/cqwb063l4an2bnv3f7v8bb2khhzw54qr-slack-4.37.101/lib/slack/resources/app.asar/node_modules/@tinyspeck/huddles-desktop-utils/lib/index.js\",\"functionName\":\"Object.<anonymous>\",\"source\":\"    at Object.<anonymous> (/nix/store/cqwb063l4an2bnv3f7v8bb2khhzw54qr-slack-4.37.101/lib/slack/resources/app.asar/node_modules/@tinyspeck/huddles-desktop-utils/lib/index.js:1:34)\"}]"
}
[05/17/24, 11:33:23:978] warn: Failed to install protocol handler for slack:// links 
[05/17/24, 11:33:24:037] info: getLinuxDistro: osInfo 
{
  "stdoutValue": "n/a \"NixOS\" \"NixOS 24.05 (Uakari)\" \"24.05\" \"uakari\"\n",
  "osInfo": [
    ""
  ]
}
[05/17/24, 11:33:24:038] warn: Couldn't get Linux distro info from lsb_release, trying fallback to get Linux distro info 
{
  "error": {
    "stack": "Error: Missing OS or release info\n    at VR (/nix/store/cqwb063l4an2bnv3f7v8bb2khhzw54qr-slack-4.37.101/lib/slack/resources/app.asar/dist/main.bundle.js:92:204)",
    "message": "Missing OS or release info"
  },
  "stackFrameString": "[{\"columnNumber\":204,\"lineNumber\":92,\"fileName\":\"/nix/store/cqwb063l4an2bnv3f7v8bb2khhzw54qr-slack-4.37.101/lib/slack/resources/app.asar/dist/main.bundle.js\",\"functionName\":\"VR\",\"source\":\"    at VR (/nix/store/cqwb063l4an2bnv3f7v8bb2khhzw54qr-slack-4.37.101/lib/slack/resources/app.asar/dist/main.bundle.js:92:204)\"}]"
}
[05/17/24, 11:33:24:047] info: Breadcrumb: electron: app.gpu-info-update 
[05/17/24, 11:33:24:070] info: getLinuxDistro: getos 
{
  "res": {
    "os": "linux",
    "dist": "Ubuntu"
  }
}
[05/17/24, 11:33:24:071] info: Store: READY 
{
  "resourcePath": "/nix/store/cqwb063l4an2bnv3f7v8bb2khhzw54qr-slack-4.37.101/lib/slack/resources/app.asar",
  "silent": true,
  "tsaToken": "[REDACTED]",
  "bootFragments": [],
  "appVersion": "4.37.101",
  "is64Bit": true,
  "isGpuCompositionAvailable": true,
  "isTitleBarHidden": false,
  "platform": "linux",
  "platformVersion": {
    "major": 6,
    "minor": 6,
    "build": 30
  },
  "developerMenuOverride": false,
  "uuid": "bc6db258-01c0-41b7-ba1b-f52aaecf1418",
  "applicationProcessSessionId": "YmM2ZGIyNTgtMDFjMC00MWI3LWJhMWItZjUyYWFlY2YxNDE4XzE3MTU5NjM2MDM5MDk=",
  "distribution": "DDL",
  "clientEnvironment": 1000,
  "linux": {
    "os": "Ubuntu",
    "name": "Ubuntu ",
    "release": "",
    "codename": "",
    "desktopEnvironment": "GNOME"
  }
}
[05/17/24, 11:33:24:073] info: initializeApplicationEpic: trying to set ntlm credential domain for session 
{
  "sessionId": "PROD_DEFAULT_SESSION"
}
[05/17/24, 11:33:24:073] info: initializeApplicationEpic: Setting spellcheck dictionary URL 
{
  "dictionaryUrl": "https://spellcheck.slack-edge.com/dictionaries_v2/"
}
[05/17/24, 11:33:24:073] info: initializeApplicationEpic: Welcome to Slack 4.37.101 x64 
[05/17/24, 11:33:24:073] info: Breadcrumb: electron: powerMonitor.newListener 
[05/17/24, 11:33:24:077] info: AutoLoginEpic: Checking for autologin. 
[05/17/24, 11:33:24:077] info: getIsUpdateSupported: Updates are not supported 
{
  "version": "4.37.101",
  "reasons": [
    "using Linux"
  ],
  "distribution": "DDL",
  "executable": "/nix/store/cqwb063l4an2bnv3f7v8bb2khhzw54qr-slack-4.37.101/lib/slack"
}
[05/17/24, 11:33:24:081] info: persistUuid:: Generated uuid 
{
  "uuid": "a09fca9e-ea64-46d3-a282-d693e2a67432"
}
[05/17/24, 11:33:24:082] info: persistUuid:: Uuid persisted successfully 
[05/17/24, 11:33:24:097] info: Store: SET_ACCESSIBILITY_SUPPORT_ENABLED 
[05/17/24, 11:33:24:097] info: Store: CREATE_WINDOW 
{
  "type": "main"
}
[05/17/24, 11:33:24:098] info: Store: UPDATE_SETTINGS 
{
  "isSignedIntoSlackOrg": false
}
[05/17/24, 11:33:24:102] info: initialSettingsPayload: trying to invalidate settings 
{
  "payload": {
    "launchOnStartup": false,
    "PrefSSBFileDownloadPath": "/home/[REDACTED]/Downloads",
    "PrefSSBFileDownloadPathDisplayName": "Downloads",
    "hasRunApp": true
  }
}
[05/17/24, 11:33:24:102] info: Store: UPDATE_SETTINGS 
{
  "launchOnStartup": false,
  "PrefSSBFileDownloadPath": "/home/[REDACTED]/Downloads",
  "PrefSSBFileDownloadPathDisplayName": "Downloads",
  "hasRunApp": true
}
[05/17/24, 11:33:24:105] info: Store: SET_UPDATE_SUPPORTED 
[05/17/24, 11:33:24:125] info: Store: TOKEN_FILE_PROCESSED 
[05/17/24, 11:33:24:125] info: AutoLoginEpic: Processing token file for autologin. 
[05/17/24, 11:33:24:125] info: AutoLoginEpic: Completed autologin processing — successfully logged in 0 workspaces. 
[05/17/24, 11:33:24:126] info: AutoLoginEpic: Setting default sign-in team to null 
[05/17/24, 11:33:24:126] info: Store: AUTOLOGIN_TEAMS_COMPLETE 
[05/17/24, 11:33:24:126] info: Store: UPDATE_SETTINGS 
{
  "defaultSigninTeam": null
}
[05/17/24, 11:33:24:177] info: Breadcrumb: electron: app.web-contents-created 
[05/17/24, 11:33:24:178] info: Breadcrumb: electron: app.browser-window-created 
[05/17/24, 11:33:24:205] info: MainWindowEpics: Setting main window ID 
{
  "id": 1
}
[05/17/24, 11:33:24:206] info: getSonicBaseURL: Booting into devEnv 
{
  "url": "https://app.slack.com"
}
[05/17/24, 11:33:24:210] info: Store: WINDOW_CREATED 
{
  "type": "main",
  "webappType": "app",
  "initialLoadURL": "https://app.slack.com/ssb/first?redir=%2Fssb%2Fclient",
  "id": 1,
  "frame": {
    "isHtmlFullScreen": false,
    "isCurrentlyAudible": false,
    "isFullScreen": false,
    "isMinimized": false,
    "isMaximized": false,
    "isVisible": false,
    "isFocused": false,
    "bounds": {
      "x": 368,
      "y": 148,
      "width": 800,
      "height": 600
    },
    "hasVibrancy": false
  }
}
[05/17/24, 11:33:24:217] info: Breadcrumb: electron: powerMonitor.newListener 
[05/17/24, 11:33:24:217] info: Breadcrumb: electron: powerMonitor.newListener 
[05/17/24, 11:33:24:218] info: Watching for keyboard layout changes 
[05/17/24, 11:33:24:223] info: Store: RECORD_PERFORMANCE_TIMING 
{
  "phase": 1,
  "interval": 310
}
[05/17/24, 11:33:24:223] info: Store: UPDATE_SETTINGS 
{
  "keyboardLayout": "us"
}
[05/17/24, 11:33:24:226] info: getSonicBaseURL: Booting into devEnv 
{
  "url": "https://app.slack.com"
}
[05/17/24, 11:33:24:241] info: registerLifeCycleEvents: Registering webContents:1 
[05/17/24, 11:33:24:242] info: registerLifeCycleEvents: webContents:1 is type 'app' 
[05/17/24, 11:33:24:242] info: Store: UPSERT_WEB_CONTENTS 
{
  "id": 1,
  "state": "unloaded",
  "type": "app"
}
[05/17/24, 11:33:24:258] info: System configuration information 
{
  "info": {
    "total_memory_in_gb": 15,
    "gpuFeatures": {
      "2d_canvas": "enabled",
      "canvas_oop_rasterization": "disabled_off",
      "direct_rendering_display_compositor": "disabled_off_ok",
      "gpu_compositing": "enabled",
      "multiple_raster_threads": "enabled_on",
      "opengl": "enabled_on",
      "rasterization": "enabled",
      "raw_draw": "disabled_off_ok",
      "skia_graphite": "disabled_off",
      "video_decode": "enabled",
      "video_encode": "disabled_software",
      "vulkan": "disabled_off",
      "webgl": "enabled",
      "webgl2": "enabled",
      "webgpu": "disabled_off"
    },
    "cpu_model": "AMD Ryzen 5 PRO 4650U with Radeon Graphics",
    "cpu_logical_core": 12,
    "cpu_clock_speed": 2043,
    "gpuDevice": [
      {
        "active": false,
        "cudaComputeCapabilityMajor": 0,
        "deviceId": 0,
        "gpuPreference": 0,
        "vendorId": 0
      }
    ],
    "machine_model_name": "unknown",
    "machine_model_version": "unknown",
    "crash_db_size_kb": 1
  }
}
[05/17/24, 11:33:25:109] info: Breadcrumb: electron.net: undefined 
{
  "url": "https://app.slack.com/api/desktop.features",
  "method": "GET",
  "status_code": 200
}
[05/17/24, 11:33:25:115] info: Feature Check: received experiments 
{
  "ok": true,
  "experiments": []
}
[05/17/24, 11:33:25:237] info: Store: SET_WINDOW_FRAME 
{
  "id": 1,
  "frame": {
    "bounds": {
      "x": 256,
      "y": 64,
      "width": 1024,
      "height": 768
    },
    "isMaximized": false
  },
  "fromEvent": true
}
[05/17/24, 11:33:25:239] info: Store: SET_WINDOW_FRAME 
{
  "id": 1,
  "frame": {
    "bounds": {
      "x": 256,
      "y": 64,
      "width": 1024,
      "height": 768
    },
    "isMaximized": false
  },
  "fromEvent": true
}
[05/17/24, 11:33:25:736] info: Finished download of spellcheck dictionary 
{
  "code": "en-US"
}
[05/17/24, 11:33:25:738] info: Spellcheck dictionary initialized 
{
  "code": "en-US"
}
[05/17/24, 11:33:26:667] info: Store: UPDATE_SETTINGS 
{
  "userTheme": "light"
}
[05/17/24, 11:33:26:671] info: Store: UPDATE_SETTINGS 
{
  "systemThemeSyncEnabled": false
}
[05/17/24, 11:33:26:864] info: Permission check granted: 
{
  "isMainFrame": true,
  "permission": "background-sync",
  "requestingOrigin": "https://app.slack.com/",
  "requestingUrl": "https://app.slack.com/ssb/first?redir=%2Fssb%2Fclient",
  "securityOrigin": null
}
[05/17/24, 11:33:26:968] info: Breadcrumb: electron: renderer.dom-ready 
{
  "id": 1,
  "url": "https://app.slack.com/ssb/first?redir=%2Fssb%2Fclient"
}
[05/17/24, 11:33:26:969] info: registerLifeCycleEvents: webContents:1 from 'unloaded' to 'loaded' took 2726 ms 
[05/17/24, 11:33:26:969] info: Store: UPSERT_WEB_CONTENTS 
{
  "id": 1,
  "state": "loaded"
}
[05/17/24, 11:33:26:971] info: initializeMainWindowEpic: Showing main window 
{
  "maximized": false,
  "shouldHide": false,
  "fullScreen": false
}
[05/17/24, 11:33:26:973] info: Breadcrumb: electron: window.show 
{
  "id": 1,
  "url": "https://app.slack.com/ssb/first?redir=%2Fssb%2Fclient"
}
[05/17/24, 11:33:26:975] info: Store: RECORD_PERFORMANCE_TIMING 
{
  "phase": 2,
  "interval": 2755
}
[05/17/24, 11:33:26:975] info: Store: SET_WINDOW_FRAME 
{
  "id": 1,
  "frame": {
    "isVisible": true
  },
  "fromEvent": true
}
[05/17/24, 11:33:26:976] info: Store: MAIN_WINDOW_SHOWN 
[05/17/24, 11:33:26:982] info: Store: UPDATE_SETTINGS 
{
  "mainWindowSettings": {
    "fullScreen": false,
    "maximized": false,
    "bounds": {
      "x": 256,
      "y": 64,
      "width": 1024,
      "height": 768
    }
  }
}
[05/17/24, 11:33:26:984] info: Store: CLEAR_NOTIFICATIONS 
[05/17/24, 11:33:26:998] info: waitAuthCookieChange: waiting for auth change for session 
{
  "sessionId": "PROD_DEFAULT_SESSION"
}
[05/17/24, 11:33:27:035] info: Breadcrumb: electron: window.focus 
{
  "id": 1,
  "url": "https://app.slack.com/ssb/first?redir=%2Fssb%2Fclient"
}
[05/17/24, 11:33:27:035] info: Breadcrumb: electron: app.browser-window-focus 
[05/17/24, 11:33:27:036] info: Store: SET_WINDOW_FRAME 
{
  "id": 1,
  "frame": {
    "isFocused": true
  },
  "fromEvent": true
}
[05/17/24, 11:33:27:048] info: Breadcrumb: electron: window.ready-to-show 
{
  "id": 1,
  "url": "https://app.slack.com/ssb/first?redir=%2Fssb%2Fclient"
}
[05/17/24, 11:33:27:180] info: registerLifeCycleEvents: webContents:1 is type 'app' 
[05/17/24, 11:33:27:180] info: Store: UPSERT_WEB_CONTENTS 
{
  "id": 1,
  "type": "app",
  "history": "[REDACTED]"
}
[05/17/24, 11:33:27:188] info: Store: SET_WINDOW_FRAME 
{
  "id": 1,
  "frame": {
    "isVisible": true,
    "isFocused": true
  },
  "fromEvent": true
}
[05/17/24, 11:33:27:193] info: Store: SET_NETWORK_STATUS online
[05/17/24, 11:33:28:022] info: Store: SET_WINDOW_FRAME 
{
  "id": 1,
  "frame": {
    "bounds": {
      "x": 256,
      "y": 93,
      "width": 1024,
      "height": 769
    },
    "isMaximized": false
  },
  "fromEvent": true
}
[05/17/24, 11:33:28:024] info: Store: SET_WINDOW_FRAME 
{
  "id": 1,
  "frame": {
    "bounds": {
      "x": 256,
      "y": 93,
      "width": 1024,
      "height": 769
    },
    "isMaximized": false
  },
  "fromEvent": true
}
[05/17/24, 11:33:28:089] info: Store: UPDATE_SETTINGS 
{
  "mainWindowSettings": {
    "fullScreen": false,
    "maximized": false,
    "bounds": {
      "x": 256,
      "y": 93,
      "width": 1024,
      "height": 769
    }
  }
}
[05/17/24, 11:33:28:893] info: Store: persist/FLUSH 
[05/17/24, 11:33:31:466] info: Store: SET_WINDOW_FRAME 
{
  "id": 1,
  "frame": {
    "bounds": {
      "x": 212,
      "y": 63,
      "width": 1024,
      "height": 769
    },
    "isMaximized": false
  },
  "fromEvent": true
}
[05/17/24, 11:33:31:469] info: Store: SET_WINDOW_FRAME 
{
  "id": 1,
  "frame": {
    "bounds": {
      "x": 212,
      "y": 63,
      "width": 1024,
      "height": 769
    },
    "isMaximized": false
  },
  "fromEvent": true
}
[05/17/24, 11:33:31:534] info: Store: UPDATE_SETTINGS 
{
  "mainWindowSettings": {
    "fullScreen": false,
    "maximized": false,
    "bounds": {
      "x": 212,
      "y": 63,
      "width": 1024,
      "height": 769
    }
  }
}
[05/17/24, 11:33:31:898] info: actionForExternalWindowURL: Opening external window 
[05/17/24, 11:33:31:912] info: openExternal: Successfully opened external URL 
{
  "protocol": "https:",
  "trigger": 0
}
[05/17/24, 11:33:33:974] info: Breadcrumb: electron: window.blur 
{
  "id": 1,
  "url": "https://app.slack.com/ssb/first?redir=%2Fssb%2Fclient"
}
[05/17/24, 11:33:33:975] info: Breadcrumb: electron: app.browser-window-blur 
[05/17/24, 11:33:33:975] info: Store: SET_WINDOW_FRAME 
{
  "id": 1,
  "frame": {
    "isFocused": false
  },
  "fromEvent": true
}
[05/17/24, 11:34:20:154] info: Breadcrumb: electron: window.focus 
{
  "id": 1,
  "url": "https://app.slack.com/ssb/first?redir=%2Fssb%2Fclient"
}
[05/17/24, 11:34:20:155] info: Breadcrumb: electron: app.browser-window-focus 
[05/17/24, 11:34:20:155] info: Store: SET_WINDOW_FRAME 
{
  "id": 1,
  "frame": {
    "isFocused": true
  },
  "fromEvent": true
}
[05/17/24, 11:34:20:770] info: Breadcrumb: electron: window.blur 
{
  "id": 1,
  "url": "https://app.slack.com/ssb/first?redir=%2Fssb%2Fclient"
}
[05/17/24, 11:34:20:771] info: Breadcrumb: electron: app.browser-window-blur 
[05/17/24, 11:34:20:771] info: Store: SET_WINDOW_FRAME 
{
  "id": 1,
  "frame": {
    "isFocused": false
  },
  "fromEvent": true
}
[05/17/24, 11:34:24:517] info: Store: UPDATE_SETTINGS 
{
  "lastClogForProxyInfo": 1715963664516
}
[05/17/24, 11:34:34:603] info: Breadcrumb: electron.net: undefined 
{
  "url": "https://app.slack.com/clog/track/",
  "method": "POST",
  "status_code": 200
}
[05/17/24, 11:34:35:263] info: Breadcrumb: electron.net: undefined 
{
  "url": "https://app.slack.com/clog/track/",
  "method": "POST",
  "status_code": 200
}
[05/17/24, 11:34:36:004] info: Breadcrumb: electron: window.focus 
{
  "id": 1,
  "url": "https://app.slack.com/ssb/first?redir=%2Fssb%2Fclient"
}
[05/17/24, 11:34:36:004] info: Breadcrumb: electron: app.browser-window-focus 
[05/17/24, 11:34:36:004] info: Store: SET_WINDOW_FRAME 
{
  "id": 1,
  "frame": {
    "isFocused": true
  },
  "fromEvent": true
}
[05/17/24, 11:34:38:203] info: Breadcrumb: electron: window.blur 
{
  "id": 1,
  "url": "https://app.slack.com/ssb/first?redir=%2Fssb%2Fclient"
}
[05/17/24, 11:34:38:204] info: Breadcrumb: electron: app.browser-window-blur 
[05/17/24, 11:34:38:204] info: Store: SET_WINDOW_FRAME 
{
  "id": 1,
  "frame": {
    "isFocused": false
  },
  "fromEvent": true
}
[05/17/24, 11:34:53:227] info: Breadcrumb: electron: app.second-instance 
[05/17/24, 11:34:53:229] info: secondInstanceEpic: Received deep link protocol activation 
[05/17/24, 11:34:53:229] info: Store: HANDLE_DEEP_LINK 
{
  "url": "slack://TM73UH3RQ/magic-login/7121323927159-839b94d6bfb244e370666defed6c9020dfc7098f84e5f219462c096951aace6d?id=1"
}
[05/17/24, 11:34:53:235] info: Breadcrumb: electron: app.web-contents-created 
[05/17/24, 11:34:53:235] info: Breadcrumb: electron: app.browser-window-created 
[05/17/24, 11:34:53:236] info: MagicLogin: Making magic login API request to https://app.slack.com/api/ 
[05/17/24, 11:34:53:240] info: Store: FOCUS_WINDOW 
[05/17/24, 11:34:53:241] info: Store: MAGIC_LOGIN_IN_PROGRESS true
[05/17/24, 11:34:53:251] info: registerLifeCycleEvents: Registering webContents:2 
[05/17/24, 11:34:53:252] info: Store: UPSERT_WEB_CONTENTS 
{
  "id": 2,
  "state": "unloaded"
}
[05/17/24, 11:34:53:262] info: Breadcrumb: electron: window.focus 
{
  "id": 1,
  "url": "https://app.slack.com/ssb/first?redir=%2Fssb%2Fclient"
}
[05/17/24, 11:34:53:263] info: Breadcrumb: electron: app.browser-window-focus 
[05/17/24, 11:34:53:263] info: Store: SET_WINDOW_FRAME 
{
  "id": 1,
  "frame": {
    "isFocused": true
  },
  "fromEvent": true
}
[05/17/24, 11:34:53:461] info: authCookieBreadcrumb: change to auth cookie 
{
  "sessionId": "PROD_DEFAULT_SESSION",
  "cause": "explicit",
  "removed": false,
  "cookie_name": "d",
  "domain": ".slack.com",
  "expiration": 1750523693.460032
}
[05/17/24, 11:34:53:485] info: Store: UPSERT_WEB_CONTENTS 
{
  "id": 1,
  "history": "[REDACTED]"
}
[05/17/24, 11:34:53:497] info: Breadcrumb: electron: renderer.dom-ready 
{
  "id": 2,
  "url": "https://app.slack.com/api/auth.loginMagicBulk?magic_tokens=z-app-TM73UH3RQ-7121323927159-839b94d6bfb244e370666defed6c9020dfc7098f84e5f219462c096951aace6d&ssb=1"
}
[05/17/24, 11:34:53:497] info: registerLifeCycleEvents: webContents:2 from 'unloaded' to 'loaded' took 246 ms 
[05/17/24, 11:34:53:497] info: Store: UPSERT_WEB_CONTENTS 
{
  "id": 2,
  "state": "loaded"
}
[05/17/24, 11:34:53:504] info: registerLifeCycleEvents: webContents:2 is type 'auth' 
[05/17/24, 11:34:53:504] info: Store: UPSERT_WEB_CONTENTS 
{
  "id": 2,
  "type": "auth",
  "history": "[REDACTED]"
}
[05/17/24, 11:34:53:510] info: Breadcrumb: electron: window.ready-to-show 
{
  "id": 2,
  "url": "https://app.slack.com/api/auth.loginMagicBulk?magic_tokens=z-app-TM73UH3RQ-7121323927159-839b94d6bfb244e370666defed6c9020dfc7098f84e5f219462c096951aace6d&ssb=1"
}
[05/17/24, 11:34:53:518] info: Breadcrumb: electron: window.close 
{
  "id": 2,
  "url": "https://app.slack.com/api/auth.loginMagicBulk?magic_tokens=z-app-TM73UH3RQ-7121323927159-839b94d6bfb244e370666defed6c9020dfc7098f84e5f219462c096951aace6d&ssb=1"
}
[05/17/24, 11:34:53:518] info: registerLifeCycleEvents: webContents:2 from 'loaded' to 'page-closed' took 14 ms 
[05/17/24, 11:34:53:518] info: Store: UPSERT_WEB_CONTENTS 
{
  "id": 2,
  "state": "page-closed"
}
[05/17/24, 11:34:53:520] info: Store: MAGIC_LOGIN_IN_PROGRESS 
[05/17/24, 11:34:53:528] info: Breadcrumb: electron: renderer.destroyed 
{
  "id": 2,
  "url": "https://app.slack.com/api/auth.loginMagicBulk?magic_tokens=z-app-TM73UH3RQ-7121323927159-839b94d6bfb244e370666defed6c9020dfc7098f84e5f219462c096951aace6d&ssb=1"
}
[05/17/24, 11:34:53:529] info: Store: REMOVE_WEB_CONTENTS 
{
  "id": 2
}
[05/17/24, 11:34:53:537] info: Breadcrumb: electron: window.closed 
{
  "id": 2,
  "url": "https://app.slack.com/api/auth.loginMagicBulk?magic_tokens=z-app-TM73UH3RQ-7121323927159-839b94d6bfb244e370666defed6c9020dfc7098f84e5f219462c096951aace6d&ssb=1"
}
[05/17/24, 11:34:54:371] info: Breadcrumb: electron: renderer.dom-ready 
{
  "id": 1,
  "url": "https://app.slack.com/client"
}
[05/17/24, 11:34:54:371] info: registerLifeCycleEvents: webContents:1 from 'loaded' to 'loaded' took 887 ms 
[05/17/24, 11:34:54:371] info: Store: UPSERT_WEB_CONTENTS 
{
  "id": 1,
  "state": "loaded"
}
[05/17/24, 11:34:54:461] info: Breadcrumb: electron: window.ready-to-show 
{
  "id": 1,
  "url": "https://app.slack.com/client"
}
[05/17/24, 11:34:54:826] info: Permission check granted: 
{
  "isMainFrame": true,
  "permission": "background-sync",
  "requestingOrigin": "https://app.slack.com/",
  "requestingUrl": "https://app.slack.com/client",
  "securityOrigin": null
}
[05/17/24, 11:34:54:915] info: Store: SET_NETWORK_STATUS online
[05/17/24, 11:34:55:529] info: Store: UPDATE_SETTINGS 
{
  "userTheme": "light"
}
[05/17/24, 11:34:55:532] info: Store: UPDATE_SETTINGS 
{
  "systemThemeSyncEnabled": true
}
[05/17/24, 11:34:55:759] info: waitAuthCookieChange: waiting for auth change for session 
{
  "sessionId": "PROD_DEFAULT_SESSION"
}
[05/17/24, 11:34:55:923] info: Store: SELECTION_CHANGED TM73UH3RQ
[05/17/24, 11:34:58:240] info: Store: REDUX_UPDATE_FROM_WEBAPP (TM73UH3RQ) Changed keys [theme,notificationPrefs,connectivityPrefs,featureFlags,unreads,locale,version,userId]
[05/17/24, 11:34:58:264] info: Store: REDUX_UPDATE_FROM_WEBAPP (TM73UH3RQ) Changed keys [featureFlags,userId]
[05/17/24, 11:34:58:273] info: Store: REDUX_UPDATE_FROM_WEBAPP (TM73UH3RQ) Changed keys [notificationPrefs,unreads]
[05/17/24, 11:34:58:275] info: Store: REDUX_UPDATE_FROM_WEBAPP (TM73UH3RQ) Changed keys [connectivityPrefs]
[05/17/24, 11:34:58:383] info: Store: STORE_USER_WORKSPACES 
{
  "userTeamId": "TM73UH3RQ",
  "workspaceIds": [
    "TM73UH3RQ"
  ]
}
[05/17/24, 11:34:58:397] info: Store: SELECTION_CHANGED TM73UH3RQ
[05/17/24, 11:34:58:645] info: Store: EXTEND_MENU global: menucategory-file,menucategory-view,menucategory-jump-to
[05/17/24, 11:34:58:657] info: Store: EXTEND_MENU TM73UH3RQ: menucategory-file,menucategory-view,menucategory-edit,menucategory-help
[05/17/24, 11:34:58:801] info: Store: EXTEND_MENU global: menucategory-file,menucategory-view,menucategory-jump-to
[05/17/24, 11:34:59:589] info: Permission check granted: 
{
  "isMainFrame": false,
  "permission": "background-sync",
  "requestingOrigin": "https://app.slack.com/",
  "requestingUrl": null,
  "securityOrigin": null
}
[05/17/24, 11:35:00:037] info: Store: SYNC Synced 1 workspaces with IDs [TM73UH3RQ]
[05/17/24, 11:35:00:058] info: registerLifeCycleEvents: webContents:1 from 'loaded' to 'webapp-loaded' took 5686 ms 
[05/17/24, 11:35:00:058] info: Store: UPSERT_WEB_CONTENTS 
{
  "id": 1,
  "state": "webapp-loaded"
}
[05/17/24, 11:35:00:067] info: Store: RECORD_PERFORMANCE_TIMING 
{
  "phase": 3,
  "interval": 93096
}
[05/17/24, 11:35:03:637] info: Permission check granted: 
{
  "isMainFrame": true,
  "permission": "media",
  "requestingOrigin": "https://app.slack.com/client/TM73UH3RQ/CM73XQ1SP",
  "requestingUrl": "https://app.slack.com/client/TM73UH3RQ/CM73XQ1SP",
  "securityOrigin": "https://app.slack.com/",
  "mediaType": "audio"
}
[05/17/24, 11:35:03:637] info: Permission check granted: 
{
  "isMainFrame": true,
  "permission": "media",
  "requestingOrigin": "https://app.slack.com/client/TM73UH3RQ/CM73XQ1SP",
  "requestingUrl": "https://app.slack.com/client/TM73UH3RQ/CM73XQ1SP",
  "securityOrigin": "https://app.slack.com/",
  "mediaType": "audio"
}
[05/17/24, 11:35:03:801] info: Store: EXTEND_MENU TM73UH3RQ: menucategory-file,menucategory-view,menucategory-edit,menucategory-help
[05/17/24, 11:35:05:040] info: Store: persist/FLUSH 
[05/17/24, 11:35:15:427] info: Store: EXTERNAL_MENU_ITEM_CLICKED 
{
  "id": "menuitem-preferences",
  "ctrlKey": false,
  "metaKey": false,
  "altKey": false,
  "shiftKey": false,
  "triggeredByAccelerator": false
}
[05/17/24, 11:35:15:701] info: Permission check granted: 
{
  "isMainFrame": true,
  "permission": "media",
  "requestingOrigin": "https://app.slack.com/client/TM73UH3RQ/CM73XQ1SP",
  "requestingUrl": "https://app.slack.com/client/TM73UH3RQ/CM73XQ1SP",
  "securityOrigin": "https://app.slack.com/",
  "mediaType": "audio"
}
[05/17/24, 11:35:15:701] info: Permission check granted: 
{
  "isMainFrame": true,
  "permission": "media",
  "requestingOrigin": "https://app.slack.com/client/TM73UH3RQ/CM73XQ1SP",
  "requestingUrl": "https://app.slack.com/client/TM73UH3RQ/CM73XQ1SP",
  "securityOrigin": "https://app.slack.com/",
  "mediaType": "audio"
}
[05/17/24, 11:35:44:610] info: Breadcrumb: electron.net: undefined 
{
  "url": "https://app.slack.com/clog/track/",
  "method": "POST",
  "status_code": 200
}
[05/17/24, 11:36:00:521] info: Breadcrumb: electron: window.blur 
{
  "id": 1,
  "url": "https://app.slack.com/client/TM73UH3RQ/CM73XQ1SP"
}
[05/17/24, 11:36:00:522] info: Breadcrumb: electron: app.browser-window-blur 
[05/17/24, 11:36:00:522] info: Store: SET_WINDOW_FRAME 
{
  "id": 1,
  "frame": {
    "isFocused": false
  },
  "fromEvent": true
}
[05/17/24, 11:36:03:555] info: Breadcrumb: electron: window.focus 
{
  "id": 1,
  "url": "https://app.slack.com/client/TM73UH3RQ/CM73XQ1SP"
}
[05/17/24, 11:36:03:556] info: Breadcrumb: electron: app.browser-window-focus 
[05/17/24, 11:36:03:556] info: Store: SET_WINDOW_FRAME 
{
  "id": 1,
  "frame": {
    "isFocused": true
  },
  "fromEvent": true
}
[05/17/24, 11:36:08:874] info: actionForExternalWindowURL: Opening external window 
[05/17/24, 11:36:08:886] info: openExternal: Successfully opened external URL 
{
  "protocol": "https:",
  "trigger": 0
}
[05/17/24, 11:36:09:141] info: Breadcrumb: electron: window.blur 
{
  "id": 1,
  "url": "https://app.slack.com/client/TM73UH3RQ/CM73XQ1SP"
}
[05/17/24, 11:36:09:142] info: Breadcrumb: electron: app.browser-window-blur 
[05/17/24, 11:36:09:142] info: Store: SET_WINDOW_FRAME 
{
  "id": 1,
  "frame": {
    "isFocused": false
  },
  "fromEvent": true
}
[05/17/24, 11:36:42:087] info: Breadcrumb: electron: app.second-instance 
[05/17/24, 11:36:42:088] info: secondInstanceEpic: Received deep link protocol activation 
[05/17/24, 11:36:42:088] info: Store: HANDLE_DEEP_LINK 
{
  "url": "slack://T06Q3GFNTT5/magic-login/7148558327953-bf0692adcd99e60c321860619c5a2c8f4faf5cc2d6822e80ccf082a95435a76f?id=1"
}
[05/17/24, 11:36:42:092] info: Breadcrumb: electron: app.web-contents-created 
[05/17/24, 11:36:42:093] info: Breadcrumb: electron: app.browser-window-created 
[05/17/24, 11:36:42:094] info: MagicLogin: Making magic login API request to https://app.slack.com/api/ 
[05/17/24, 11:36:42:099] info: Store: FOCUS_WINDOW 
[05/17/24, 11:36:42:099] info: Store: MAGIC_LOGIN_IN_PROGRESS true
[05/17/24, 11:36:42:110] info: registerLifeCycleEvents: Registering webContents:3 
[05/17/24, 11:36:42:110] info: Store: UPSERT_WEB_CONTENTS 
{
  "id": 3,
  "state": "unloaded"
}
[05/17/24, 11:36:42:120] info: Breadcrumb: electron: window.focus 
{
  "id": 1,
  "url": "https://app.slack.com/client/TM73UH3RQ/CM73XQ1SP"
}
[05/17/24, 11:36:42:120] info: Breadcrumb: electron: app.browser-window-focus 
[05/17/24, 11:36:42:121] info: Store: SET_WINDOW_FRAME 
{
  "id": 1,
  "frame": {
    "isFocused": true
  },
  "fromEvent": true
}
[05/17/24, 11:36:42:331] info: authCookieBreadcrumb: change to auth cookie 
{
  "sessionId": "PROD_DEFAULT_SESSION",
  "cause": "overwrite",
  "removed": true,
  "cookie_name": "d",
  "domain": ".slack.com",
  "expiration": 1750523693.460032
}
[05/17/24, 11:36:42:332] info: authCookieBreadcrumb: change to auth cookie 
{
  "sessionId": "PROD_DEFAULT_SESSION",
  "cause": "explicit",
  "removed": false,
  "cookie_name": "d",
  "domain": ".slack.com",
  "expiration": 1750523802.330908
}
[05/17/24, 11:36:42:358] info: waitAuthCookieChange: waiting for auth change for session 
{
  "sessionId": "PROD_DEFAULT_SESSION"
}
[05/17/24, 11:36:42:380] info: Breadcrumb: electron: renderer.dom-ready 
{
  "id": 3,
  "url": "https://app.slack.com/api/auth.loginMagicBulk?magic_tokens=z-app-T06Q3GFNTT5-7148558327953-bf0692adcd99e60c321860619c5a2c8f4faf5cc2d6822e80ccf082a95435a76f&ssb=1"
}
[05/17/24, 11:36:42:380] info: registerLifeCycleEvents: webContents:3 from 'unloaded' to 'loaded' took 270 ms 
[05/17/24, 11:36:42:380] info: Store: UPSERT_WEB_CONTENTS 
{
  "id": 3,
  "state": "loaded"
}
[05/17/24, 11:36:42:386] info: registerLifeCycleEvents: webContents:3 is type 'auth' 
[05/17/24, 11:36:42:386] info: Store: UPSERT_WEB_CONTENTS 
{
  "id": 3,
  "type": "auth",
  "history": "[REDACTED]"
}
[05/17/24, 11:36:42:391] info: Breadcrumb: electron: window.ready-to-show 
{
  "id": 3,
  "url": "https://app.slack.com/api/auth.loginMagicBulk?magic_tokens=z-app-T06Q3GFNTT5-7148558327953-bf0692adcd99e60c321860619c5a2c8f4faf5cc2d6822e80ccf082a95435a76f&ssb=1"
}
[05/17/24, 11:36:42:395] info: Breadcrumb: electron: window.close 
{
  "id": 3,
  "url": "https://app.slack.com/api/auth.loginMagicBulk?magic_tokens=z-app-T06Q3GFNTT5-7148558327953-bf0692adcd99e60c321860619c5a2c8f4faf5cc2d6822e80ccf082a95435a76f&ssb=1"
}
[05/17/24, 11:36:42:395] info: registerLifeCycleEvents: webContents:3 from 'loaded' to 'page-closed' took 10 ms 
[05/17/24, 11:36:42:395] info: Store: UPSERT_WEB_CONTENTS 
{
  "id": 3,
  "state": "page-closed"
}
[05/17/24, 11:36:42:396] info: Store: MAGIC_LOGIN_IN_PROGRESS 
[05/17/24, 11:36:42:401] info: Breadcrumb: electron: renderer.destroyed 
{
  "id": 3,
  "url": "https://app.slack.com/api/auth.loginMagicBulk?magic_tokens=z-app-T06Q3GFNTT5-7148558327953-bf0692adcd99e60c321860619c5a2c8f4faf5cc2d6822e80ccf082a95435a76f&ssb=1"
}
[05/17/24, 11:36:42:402] info: Store: REMOVE_WEB_CONTENTS 
{
  "id": 3
}
[05/17/24, 11:36:42:409] info: Breadcrumb: electron: window.closed 
{
  "id": 3,
  "url": "https://app.slack.com/api/auth.loginMagicBulk?magic_tokens=z-app-T06Q3GFNTT5-7148558327953-bf0692adcd99e60c321860619c5a2c8f4faf5cc2d6822e80ccf082a95435a76f&ssb=1"
}
[05/17/24, 11:36:42:576] info: Store: EXTEND_MENU global: menucategory-file,menucategory-view,menucategory-jump-to
[05/17/24, 11:36:42:590] info: Store: EXTEND_MENU TM73UH3RQ: menucategory-file,menucategory-view,menucategory-edit,menucategory-help
[05/17/24, 11:36:42:599] info: Store: SELECTION_CHANGED TM73UH3RQ
[05/17/24, 11:36:42:679] info: Store: REDUX_UPDATE_FROM_WEBAPP (T06Q3GFNTT5) Changed keys [theme,notificationPrefs,connectivityPrefs,featureFlags,unreads,locale,version,userId]
[05/17/24, 11:36:42:935] info: Store: REDUX_UPDATE_FROM_WEBAPP (T06Q3GFNTT5) Changed keys [featureFlags,userId]
[05/17/24, 11:36:42:973] info: Store: REDUX_UPDATE_FROM_WEBAPP (T06Q3GFNTT5) Changed keys [notificationPrefs,unreads]
[05/17/24, 11:36:42:975] info: Store: REDUX_UPDATE_FROM_WEBAPP (T06Q3GFNTT5) Changed keys [connectivityPrefs]
[05/17/24, 11:36:43:068] info: Store: STORE_USER_WORKSPACES 
{
  "userTeamId": "T06Q3GFNTT5",
  "workspaceIds": [
    "T06Q3GFNTT5"
  ]
}
[05/17/24, 11:36:43:095] info: Store: SELECTION_CHANGED TM73UH3RQ
[05/17/24, 11:36:43:096] info: Store: SYNC Synced 2 workspaces with IDs [TM73UH3RQ,T06Q3GFNTT5]
[05/17/24, 11:36:43:966] info: Store: SELECTION_CHANGED T06Q3GFNTT5
[05/17/24, 11:36:48:097] info: Store: persist/FLUSH 
[05/17/24, 11:36:48:348] info: Store: SELECTION_CHANGED TM73UH3RQ
[05/17/24, 11:36:49:756] info: Breadcrumb: electron: window.blur 
{
  "id": 1,
  "url": "https://app.slack.com/client/TM73UH3RQ/CM73XQ1SP"
}
[05/17/24, 11:36:49:757] info: Breadcrumb: electron: app.browser-window-blur 
[05/17/24, 11:36:49:757] info: Store: SET_WINDOW_FRAME 
{
  "id": 1,
  "frame": {
    "isFocused": false
  },
  "fromEvent": true
}
[05/17/24, 11:36:53:253] info: Store: EXTEND_MENU TM73UH3RQ: menucategory-file,menucategory-view,menucategory-edit,menucategory-help
[05/17/24, 11:36:54:605] info: Breadcrumb: electron.net: undefined 
{
  "url": "https://app.slack.com/clog/track/",
  "method": "POST",
  "status_code": 200
}
