2024-05-17T20:07:09.774Z [Modules] Modules initializing
2024-05-17T20:07:09.775Z [Modules] Distribution: remote
2024-05-17T20:07:09.775Z [Modules] Host updates: disabled
2024-05-17T20:07:09.775Z [Modules] Module updates: enabled
2024-05-17T20:07:09.781Z [Modules] Module install path: /home/kamilyousuf/.config/discord/0.0.53/modules
2024-05-17T20:07:09.781Z [Modules] Module installed file path: /home/kamilyousuf/.config/discord/0.0.53/modules/installed.json
2024-05-17T20:07:09.782Z [Modules] Module download path: /home/kamilyousuf/.config/discord/0.0.53/modules/pending
2024-05-17T20:07:10.278Z [Modules] Bootstrapping...
2024-05-17T20:07:10.280Z [Modules] Installing discord_desktop_core@0 from /nix/store/y49f3822rjy5r18fbny6kk2iypfrbpbz-discord-0.0.53/opt/Discord/resources/bootstrap/discord_desktop_core.zip
2024-05-17T20:07:10.290Z [Modules] Failed installing discord_desktop_core@0: Error: ENOENT: no such file or directory, open '/nix/store/y49f3822rjy5r18fbny6kk2iypfrbpbz-discord-0.0.53/opt/Discord/resources/bootstrap/discord_desktop_core.zip'
2024-05-17T20:07:10.292Z [Modules] Installing discord_erlpack@0 from /nix/store/y49f3822rjy5r18fbny6kk2iypfrbpbz-discord-0.0.53/opt/Discord/resources/bootstrap/discord_erlpack.zip
2024-05-17T20:07:10.294Z [Modules] Failed installing discord_erlpack@0: Error: ENOENT: no such file or directory, open '/nix/store/y49f3822rjy5r18fbny6kk2iypfrbpbz-discord-0.0.53/opt/Discord/resources/bootstrap/discord_erlpack.zip'
2024-05-17T20:07:10.295Z [Modules] Installing discord_spellcheck@0 from /nix/store/y49f3822rjy5r18fbny6kk2iypfrbpbz-discord-0.0.53/opt/Discord/resources/bootstrap/discord_spellcheck.zip
2024-05-17T20:07:10.297Z [Modules] Failed installing discord_spellcheck@0: Error: ENOENT: no such file or directory, open '/nix/store/y49f3822rjy5r18fbny6kk2iypfrbpbz-discord-0.0.53/opt/Discord/resources/bootstrap/discord_spellcheck.zip'
2024-05-17T20:07:10.299Z [Modules] Installing discord_utils@0 from /nix/store/y49f3822rjy5r18fbny6kk2iypfrbpbz-discord-0.0.53/opt/Discord/resources/bootstrap/discord_utils.zip
2024-05-17T20:07:10.303Z [Modules] Failed installing discord_utils@0: Error: ENOENT: no such file or directory, open '/nix/store/y49f3822rjy5r18fbny6kk2iypfrbpbz-discord-0.0.53/opt/Discord/resources/bootstrap/discord_utils.zip'
2024-05-17T20:07:10.305Z [Modules] Installing discord_voice@0 from /nix/store/y49f3822rjy5r18fbny6kk2iypfrbpbz-discord-0.0.53/opt/Discord/resources/bootstrap/discord_voice.zip
2024-05-17T20:07:10.308Z [Modules] Failed installing discord_voice@0: Error: ENOENT: no such file or directory, open '/nix/store/y49f3822rjy5r18fbny6kk2iypfrbpbz-discord-0.0.53/opt/Discord/resources/bootstrap/discord_voice.zip'
2024-05-17T20:07:10.309Z [Modules] Installing discord_zstd@0 from /nix/store/y49f3822rjy5r18fbny6kk2iypfrbpbz-discord-0.0.53/opt/Discord/resources/bootstrap/discord_zstd.zip
2024-05-17T20:07:10.312Z [Modules] Failed installing discord_zstd@0: Error: ENOENT: no such file or directory, open '/nix/store/y49f3822rjy5r18fbny6kk2iypfrbpbz-discord-0.0.53/opt/Discord/resources/bootstrap/discord_zstd.zip'
2024-05-17T20:07:10.313Z [Modules] Finished module installations. [success: 0] [failure: 6]
2024-05-17T20:07:10.313Z [Modules] Host is up to date.
2024-05-17T20:07:10.314Z [Modules] Checking for module updates at https://discord.com/api/modules/stable/versions.json
2024-05-17T20:07:10.546Z [Modules] Module update available: discord_desktop_core@1 [installed: 0]
2024-05-17T20:07:10.547Z [Modules] Module update available: discord_erlpack@1 [installed: 0]
2024-05-17T20:07:10.547Z [Modules] Module update available: discord_spellcheck@1 [installed: 0]
2024-05-17T20:07:10.547Z [Modules] Module update available: discord_utils@1 [installed: 0]
2024-05-17T20:07:10.547Z [Modules] Module update available: discord_voice@1 [installed: 0]
2024-05-17T20:07:10.547Z [Modules] Module update available: discord_zstd@1 [installed: 0]
2024-05-17T20:07:10.548Z [Modules] Fetching discord_desktop_core@1 from https://discord.com/api/modules/stable/discord_desktop_core/1
2024-05-17T20:07:10.548Z [Modules] Streaming discord_desktop_core@1 to /home/kamilyousuf/.config/discord/0.0.53/modules/pending/discord_desktop_core-1.zip
2024-05-17T20:07:10.892Z [Modules] Streaming discord_desktop_core@1 to /home/kamilyousuf/.config/discord/0.0.53/modules/pending/discord_desktop_core-1.zip: 1%
2024-05-17T20:07:10.933Z [Modules] Streaming discord_desktop_core@1 to /home/kamilyousuf/.config/discord/0.0.53/modules/pending/discord_desktop_core-1.zip: 2%
2024-05-17T20:07:11.020Z [Modules] Streaming discord_desktop_core@1 to /home/kamilyousuf/.config/discord/0.0.53/modules/pending/discord_desktop_core-1.zip: 3%
2024-05-17T20:07:11.029Z [Modules] Streaming discord_desktop_core@1 to /home/kamilyousuf/.config/discord/0.0.53/modules/pending/discord_desktop_core-1.zip: 6%
2024-05-17T20:07:11.090Z [Modules] Streaming discord_desktop_core@1 to /home/kamilyousuf/.config/discord/0.0.53/modules/pending/discord_desktop_core-1.zip: 7%
2024-05-17T20:07:11.279Z [Modules] Streaming discord_desktop_core@1 to /home/kamilyousuf/.config/discord/0.0.53/modules/pending/discord_desktop_core-1.zip: 10%
2024-05-17T20:07:11.280Z [Modules] Streaming discord_desktop_core@1 to /home/kamilyousuf/.config/discord/0.0.53/modules/pending/discord_desktop_core-1.zip: 11%
2024-05-17T20:07:11.290Z [Modules] Streaming discord_desktop_core@1 to /home/kamilyousuf/.config/discord/0.0.53/modules/pending/discord_desktop_core-1.zip: 13%
2024-05-17T20:07:11.294Z [Modules] Streaming discord_desktop_core@1 to /home/kamilyousuf/.config/discord/0.0.53/modules/pending/discord_desktop_core-1.zip: 14%
2024-05-17T20:07:11.328Z [Modules] Streaming discord_desktop_core@1 to /home/kamilyousuf/.config/discord/0.0.53/modules/pending/discord_desktop_core-1.zip: 17%
2024-05-17T20:07:11.408Z [Modules] Streaming discord_desktop_core@1 to /home/kamilyousuf/.config/discord/0.0.53/modules/pending/discord_desktop_core-1.zip: 19%
2024-05-17T20:07:11.410Z [Modules] Streaming discord_desktop_core@1 to /home/kamilyousuf/.config/discord/0.0.53/modules/pending/discord_desktop_core-1.zip: 25%
2024-05-17T20:07:11.454Z [Modules] Streaming discord_desktop_core@1 to /home/kamilyousuf/.config/discord/0.0.53/modules/pending/discord_desktop_core-1.zip: 26%
2024-05-17T20:07:11.521Z [Modules] Streaming discord_desktop_core@1 to /home/kamilyousuf/.config/discord/0.0.53/modules/pending/discord_desktop_core-1.zip: 29%
2024-05-17T20:07:11.523Z [Modules] Streaming discord_desktop_core@1 to /home/kamilyousuf/.config/discord/0.0.53/modules/pending/discord_desktop_core-1.zip: 39%
2024-05-17T20:07:11.524Z [Modules] Streaming discord_desktop_core@1 to /home/kamilyousuf/.config/discord/0.0.53/modules/pending/discord_desktop_core-1.zip: 40%
2024-05-17T20:07:11.571Z [Modules] Streaming discord_desktop_core@1 to /home/kamilyousuf/.config/discord/0.0.53/modules/pending/discord_desktop_core-1.zip: 41%
2024-05-17T20:07:11.584Z [Modules] Streaming discord_desktop_core@1 to /home/kamilyousuf/.config/discord/0.0.53/modules/pending/discord_desktop_core-1.zip: 42%
2024-05-17T20:07:11.696Z [Modules] Streaming discord_desktop_core@1 to /home/kamilyousuf/.config/discord/0.0.53/modules/pending/discord_desktop_core-1.zip: 45%
2024-05-17T20:07:11.698Z [Modules] Streaming discord_desktop_core@1 to /home/kamilyousuf/.config/discord/0.0.53/modules/pending/discord_desktop_core-1.zip: 53%
2024-05-17T20:07:11.790Z [Modules] Streaming discord_desktop_core@1 to /home/kamilyousuf/.config/discord/0.0.53/modules/pending/discord_desktop_core-1.zip: 56%
2024-05-17T20:07:11.791Z [Modules] Streaming discord_desktop_core@1 to /home/kamilyousuf/.config/discord/0.0.53/modules/pending/discord_desktop_core-1.zip: 59%
2024-05-17T20:07:11.793Z [Modules] Streaming discord_desktop_core@1 to /home/kamilyousuf/.config/discord/0.0.53/modules/pending/discord_desktop_core-1.zip: 71%
2024-05-17T20:07:11.795Z [Modules] Streaming discord_desktop_core@1 to /home/kamilyousuf/.config/discord/0.0.53/modules/pending/discord_desktop_core-1.zip: 83%
2024-05-17T20:07:11.796Z [Modules] Streaming discord_desktop_core@1 to /home/kamilyousuf/.config/discord/0.0.53/modules/pending/discord_desktop_core-1.zip: 92%
2024-05-17T20:07:11.833Z [Modules] Streaming discord_desktop_core@1 to /home/kamilyousuf/.config/discord/0.0.53/modules/pending/discord_desktop_core-1.zip: 93%
2024-05-17T20:07:11.837Z [Modules] Streaming discord_desktop_core@1 to /home/kamilyousuf/.config/discord/0.0.53/modules/pending/discord_desktop_core-1.zip: 94%
2024-05-17T20:07:11.839Z [Modules] Streaming discord_desktop_core@1 to /home/kamilyousuf/.config/discord/0.0.53/modules/pending/discord_desktop_core-1.zip: 95%
2024-05-17T20:07:11.886Z [Modules] Streaming discord_desktop_core@1 to /home/kamilyousuf/.config/discord/0.0.53/modules/pending/discord_desktop_core-1.zip: 96%
2024-05-17T20:07:11.887Z [Modules] Streaming discord_desktop_core@1 to /home/kamilyousuf/.config/discord/0.0.53/modules/pending/discord_desktop_core-1.zip: 97%
2024-05-17T20:07:11.890Z [Modules] Streaming discord_desktop_core@1 to /home/kamilyousuf/.config/discord/0.0.53/modules/pending/discord_desktop_core-1.zip: 98%
2024-05-17T20:07:11.894Z [Modules] Streaming discord_desktop_core@1 to /home/kamilyousuf/.config/discord/0.0.53/modules/pending/discord_desktop_core-1.zip: 99%
2024-05-17T20:07:11.929Z [Modules] Streaming discord_desktop_core@1 to /home/kamilyousuf/.config/discord/0.0.53/modules/pending/discord_desktop_core-1.zip: 100%
2024-05-17T20:07:11.932Z [Modules] Fetching discord_erlpack@1 from https://discord.com/api/modules/stable/discord_erlpack/1
2024-05-17T20:07:11.932Z [Modules] Streaming discord_erlpack@1 to /home/kamilyousuf/.config/discord/0.0.53/modules/pending/discord_erlpack-1.zip
2024-05-17T20:07:12.108Z [Modules] Streaming discord_erlpack@1 to /home/kamilyousuf/.config/discord/0.0.53/modules/pending/discord_erlpack-1.zip: 1%
2024-05-17T20:07:12.110Z [Modules] Streaming discord_erlpack@1 to /home/kamilyousuf/.config/discord/0.0.53/modules/pending/discord_erlpack-1.zip: 2%
2024-05-17T20:07:12.171Z [Modules] Streaming discord_erlpack@1 to /home/kamilyousuf/.config/discord/0.0.53/modules/pending/discord_erlpack-1.zip: 3%
2024-05-17T20:07:12.230Z [Modules] Streaming discord_erlpack@1 to /home/kamilyousuf/.config/discord/0.0.53/modules/pending/discord_erlpack-1.zip: 5%
2024-05-17T20:07:12.244Z [Modules] Streaming discord_erlpack@1 to /home/kamilyousuf/.config/discord/0.0.53/modules/pending/discord_erlpack-1.zip: 6%
2024-05-17T20:07:12.368Z [Modules] Streaming discord_erlpack@1 to /home/kamilyousuf/.config/discord/0.0.53/modules/pending/discord_erlpack-1.zip: 8%
2024-05-17T20:07:12.374Z [Modules] Streaming discord_erlpack@1 to /home/kamilyousuf/.config/discord/0.0.53/modules/pending/discord_erlpack-1.zip: 10%
2024-05-17T20:07:12.377Z [Modules] Streaming discord_erlpack@1 to /home/kamilyousuf/.config/discord/0.0.53/modules/pending/discord_erlpack-1.zip: 14%
2024-05-17T20:07:12.379Z [Modules] Streaming discord_erlpack@1 to /home/kamilyousuf/.config/discord/0.0.53/modules/pending/discord_erlpack-1.zip: 21%
2024-05-17T20:07:12.434Z [Modules] Streaming discord_erlpack@1 to /home/kamilyousuf/.config/discord/0.0.53/modules/pending/discord_erlpack-1.zip: 24%
2024-05-17T20:07:12.435Z [Modules] Streaming discord_erlpack@1 to /home/kamilyousuf/.config/discord/0.0.53/modules/pending/discord_erlpack-1.zip: 27%
2024-05-17T20:07:12.448Z [Modules] Streaming discord_erlpack@1 to /home/kamilyousuf/.config/discord/0.0.53/modules/pending/discord_erlpack-1.zip: 31%
2024-05-17T20:07:12.451Z [Modules] Streaming discord_erlpack@1 to /home/kamilyousuf/.config/discord/0.0.53/modules/pending/discord_erlpack-1.zip: 42%
2024-05-17T20:07:12.481Z [Modules] Streaming discord_erlpack@1 to /home/kamilyousuf/.config/discord/0.0.53/modules/pending/discord_erlpack-1.zip: 43%
2024-05-17T20:07:12.555Z [Modules] Streaming discord_erlpack@1 to /home/kamilyousuf/.config/discord/0.0.53/modules/pending/discord_erlpack-1.zip: 47%
2024-05-17T20:07:12.556Z [Modules] Streaming discord_erlpack@1 to /home/kamilyousuf/.config/discord/0.0.53/modules/pending/discord_erlpack-1.zip: 52%
2024-05-17T20:07:12.568Z [Modules] Streaming discord_erlpack@1 to /home/kamilyousuf/.config/discord/0.0.53/modules/pending/discord_erlpack-1.zip: 53%
2024-05-17T20:07:12.610Z [Modules] Streaming discord_erlpack@1 to /home/kamilyousuf/.config/discord/0.0.53/modules/pending/discord_erlpack-1.zip: 56%
2024-05-17T20:07:12.612Z [Modules] Streaming discord_erlpack@1 to /home/kamilyousuf/.config/discord/0.0.53/modules/pending/discord_erlpack-1.zip: 64%
2024-05-17T20:07:12.614Z [Modules] Streaming discord_erlpack@1 to /home/kamilyousuf/.config/discord/0.0.53/modules/pending/discord_erlpack-1.zip: 80%
2024-05-17T20:07:12.616Z [Modules] Streaming discord_erlpack@1 to /home/kamilyousuf/.config/discord/0.0.53/modules/pending/discord_erlpack-1.zip: 100%
2024-05-17T20:07:12.620Z [Modules] Fetching discord_spellcheck@1 from https://discord.com/api/modules/stable/discord_spellcheck/1
2024-05-17T20:07:12.620Z [Modules] Streaming discord_spellcheck@1 to /home/kamilyousuf/.config/discord/0.0.53/modules/pending/discord_spellcheck-1.zip
2024-05-17T20:07:12.916Z [Modules] Streaming discord_spellcheck@1 to /home/kamilyousuf/.config/discord/0.0.53/modules/pending/discord_spellcheck-1.zip: 1%
2024-05-17T20:07:12.937Z [Modules] Streaming discord_spellcheck@1 to /home/kamilyousuf/.config/discord/0.0.53/modules/pending/discord_spellcheck-1.zip: 2%
2024-05-17T20:07:13.019Z [Modules] Streaming discord_spellcheck@1 to /home/kamilyousuf/.config/discord/0.0.53/modules/pending/discord_spellcheck-1.zip: 3%
2024-05-17T20:07:13.020Z [Modules] Streaming discord_spellcheck@1 to /home/kamilyousuf/.config/discord/0.0.53/modules/pending/discord_spellcheck-1.zip: 5%
2024-05-17T20:07:13.061Z [Modules] Streaming discord_spellcheck@1 to /home/kamilyousuf/.config/discord/0.0.53/modules/pending/discord_spellcheck-1.zip: 6%
2024-05-17T20:07:13.068Z [Modules] Streaming discord_spellcheck@1 to /home/kamilyousuf/.config/discord/0.0.53/modules/pending/discord_spellcheck-1.zip: 7%
2024-05-17T20:07:13.090Z [Modules] Streaming discord_spellcheck@1 to /home/kamilyousuf/.config/discord/0.0.53/modules/pending/discord_spellcheck-1.zip: 8%
2024-05-17T20:07:13.139Z [Modules] Streaming discord_spellcheck@1 to /home/kamilyousuf/.config/discord/0.0.53/modules/pending/discord_spellcheck-1.zip: 9%
2024-05-17T20:07:13.167Z [Modules] Streaming discord_spellcheck@1 to /home/kamilyousuf/.config/discord/0.0.53/modules/pending/discord_spellcheck-1.zip: 10%
2024-05-17T20:07:13.236Z [Modules] Streaming discord_spellcheck@1 to /home/kamilyousuf/.config/discord/0.0.53/modules/pending/discord_spellcheck-1.zip: 11%
2024-05-17T20:07:13.254Z [Modules] Streaming discord_spellcheck@1 to /home/kamilyousuf/.config/discord/0.0.53/modules/pending/discord_spellcheck-1.zip: 12%
2024-05-17T20:07:13.255Z [Modules] Streaming discord_spellcheck@1 to /home/kamilyousuf/.config/discord/0.0.53/modules/pending/discord_spellcheck-1.zip: 13%
2024-05-17T20:07:13.368Z [Modules] Streaming discord_spellcheck@1 to /home/kamilyousuf/.config/discord/0.0.53/modules/pending/discord_spellcheck-1.zip: 14%
2024-05-17T20:07:13.369Z [Modules] Streaming discord_spellcheck@1 to /home/kamilyousuf/.config/discord/0.0.53/modules/pending/discord_spellcheck-1.zip: 15%
2024-05-17T20:07:13.371Z [Modules] Streaming discord_spellcheck@1 to /home/kamilyousuf/.config/discord/0.0.53/modules/pending/discord_spellcheck-1.zip: 16%
2024-05-17T20:07:13.372Z [Modules] Streaming discord_spellcheck@1 to /home/kamilyousuf/.config/discord/0.0.53/modules/pending/discord_spellcheck-1.zip: 17%
2024-05-17T20:07:13.373Z [Modules] Streaming discord_spellcheck@1 to /home/kamilyousuf/.config/discord/0.0.53/modules/pending/discord_spellcheck-1.zip: 18%
2024-05-17T20:07:13.387Z [Modules] Streaming discord_spellcheck@1 to /home/kamilyousuf/.config/discord/0.0.53/modules/pending/discord_spellcheck-1.zip: 19%
2024-05-17T20:07:13.389Z [Modules] Streaming discord_spellcheck@1 to /home/kamilyousuf/.config/discord/0.0.53/modules/pending/discord_spellcheck-1.zip: 20%
2024-05-17T20:07:13.390Z [Modules] Streaming discord_spellcheck@1 to /home/kamilyousuf/.config/discord/0.0.53/modules/pending/discord_spellcheck-1.zip: 21%
2024-05-17T20:07:13.392Z [Modules] Streaming discord_spellcheck@1 to /home/kamilyousuf/.config/discord/0.0.53/modules/pending/discord_spellcheck-1.zip: 22%
2024-05-17T20:07:13.397Z [Modules] Streaming discord_spellcheck@1 to /home/kamilyousuf/.config/discord/0.0.53/modules/pending/discord_spellcheck-1.zip: 23%
2024-05-17T20:07:13.427Z [Modules] Streaming discord_spellcheck@1 to /home/kamilyousuf/.config/discord/0.0.53/modules/pending/discord_spellcheck-1.zip: 24%
2024-05-17T20:07:13.452Z [Modules] Streaming discord_spellcheck@1 to /home/kamilyousuf/.config/discord/0.0.53/modules/pending/discord_spellcheck-1.zip: 25%
2024-05-17T20:07:13.574Z [Modules] Streaming discord_spellcheck@1 to /home/kamilyousuf/.config/discord/0.0.53/modules/pending/discord_spellcheck-1.zip: 26%
2024-05-17T20:07:13.576Z [Modules] Streaming discord_spellcheck@1 to /home/kamilyousuf/.config/discord/0.0.53/modules/pending/discord_spellcheck-1.zip: 28%
2024-05-17T20:07:13.598Z [Modules] Streaming discord_spellcheck@1 to /home/kamilyousuf/.config/discord/0.0.53/modules/pending/discord_spellcheck-1.zip: 29%
2024-05-17T20:07:13.628Z [Modules] Streaming discord_spellcheck@1 to /home/kamilyousuf/.config/discord/0.0.53/modules/pending/discord_spellcheck-1.zip: 30%
2024-05-17T20:07:13.652Z [Modules] Streaming discord_spellcheck@1 to /home/kamilyousuf/.config/discord/0.0.53/modules/pending/discord_spellcheck-1.zip: 31%
2024-05-17T20:07:13.678Z [Modules] Streaming discord_spellcheck@1 to /home/kamilyousuf/.config/discord/0.0.53/modules/pending/discord_spellcheck-1.zip: 32%
2024-05-17T20:07:13.709Z [Modules] Streaming discord_spellcheck@1 to /home/kamilyousuf/.config/discord/0.0.53/modules/pending/discord_spellcheck-1.zip: 33%
2024-05-17T20:07:13.735Z [Modules] Streaming discord_spellcheck@1 to /home/kamilyousuf/.config/discord/0.0.53/modules/pending/discord_spellcheck-1.zip: 34%
2024-05-17T20:07:13.763Z [Modules] Streaming discord_spellcheck@1 to /home/kamilyousuf/.config/discord/0.0.53/modules/pending/discord_spellcheck-1.zip: 35%
2024-05-17T20:07:13.795Z [Modules] Streaming discord_spellcheck@1 to /home/kamilyousuf/.config/discord/0.0.53/modules/pending/discord_spellcheck-1.zip: 36%
2024-05-17T20:07:13.819Z [Modules] Streaming discord_spellcheck@1 to /home/kamilyousuf/.config/discord/0.0.53/modules/pending/discord_spellcheck-1.zip: 37%
2024-05-17T20:07:13.849Z [Modules] Streaming discord_spellcheck@1 to /home/kamilyousuf/.config/discord/0.0.53/modules/pending/discord_spellcheck-1.zip: 38%
2024-05-17T20:07:13.876Z [Modules] Streaming discord_spellcheck@1 to /home/kamilyousuf/.config/discord/0.0.53/modules/pending/discord_spellcheck-1.zip: 39%
2024-05-17T20:07:13.905Z [Modules] Streaming discord_spellcheck@1 to /home/kamilyousuf/.config/discord/0.0.53/modules/pending/discord_spellcheck-1.zip: 40%
2024-05-17T20:07:13.938Z [Modules] Streaming discord_spellcheck@1 to /home/kamilyousuf/.config/discord/0.0.53/modules/pending/discord_spellcheck-1.zip: 41%
2024-05-17T20:07:13.956Z [Modules] Streaming discord_spellcheck@1 to /home/kamilyousuf/.config/discord/0.0.53/modules/pending/discord_spellcheck-1.zip: 42%
2024-05-17T20:07:13.988Z [Modules] Streaming discord_spellcheck@1 to /home/kamilyousuf/.config/discord/0.0.53/modules/pending/discord_spellcheck-1.zip: 43%
2024-05-17T20:07:14.014Z [Modules] Streaming discord_spellcheck@1 to /home/kamilyousuf/.config/discord/0.0.53/modules/pending/discord_spellcheck-1.zip: 44%
2024-05-17T20:07:14.043Z [Modules] Streaming discord_spellcheck@1 to /home/kamilyousuf/.config/discord/0.0.53/modules/pending/discord_spellcheck-1.zip: 45%
2024-05-17T20:07:14.097Z [Modules] Streaming discord_spellcheck@1 to /home/kamilyousuf/.config/discord/0.0.53/modules/pending/discord_spellcheck-1.zip: 46%
2024-05-17T20:07:14.122Z [Modules] Streaming discord_spellcheck@1 to /home/kamilyousuf/.config/discord/0.0.53/modules/pending/discord_spellcheck-1.zip: 47%
2024-05-17T20:07:14.158Z [Modules] Streaming discord_spellcheck@1 to /home/kamilyousuf/.config/discord/0.0.53/modules/pending/discord_spellcheck-1.zip: 48%
2024-05-17T20:07:14.307Z [Modules] Streaming discord_spellcheck@1 to /home/kamilyousuf/.config/discord/0.0.53/modules/pending/discord_spellcheck-1.zip: 49%
2024-05-17T20:07:14.338Z [Modules] Streaming discord_spellcheck@1 to /home/kamilyousuf/.config/discord/0.0.53/modules/pending/discord_spellcheck-1.zip: 50%
2024-05-17T20:07:14.341Z [Modules] Streaming discord_spellcheck@1 to /home/kamilyousuf/.config/discord/0.0.53/modules/pending/discord_spellcheck-1.zip: 51%
2024-05-17T20:07:14.355Z [Modules] Streaming discord_spellcheck@1 to /home/kamilyousuf/.config/discord/0.0.53/modules/pending/discord_spellcheck-1.zip: 52%
2024-05-17T20:07:14.371Z [Modules] Streaming discord_spellcheck@1 to /home/kamilyousuf/.config/discord/0.0.53/modules/pending/discord_spellcheck-1.zip: 53%
2024-05-17T20:07:14.399Z [Modules] Streaming discord_spellcheck@1 to /home/kamilyousuf/.config/discord/0.0.53/modules/pending/discord_spellcheck-1.zip: 54%
2024-05-17T20:07:14.437Z [Modules] Streaming discord_spellcheck@1 to /home/kamilyousuf/.config/discord/0.0.53/modules/pending/discord_spellcheck-1.zip: 55%
2024-05-17T20:07:14.472Z [Modules] Streaming discord_spellcheck@1 to /home/kamilyousuf/.config/discord/0.0.53/modules/pending/discord_spellcheck-1.zip: 56%
2024-05-17T20:07:14.487Z [Modules] Streaming discord_spellcheck@1 to /home/kamilyousuf/.config/discord/0.0.53/modules/pending/discord_spellcheck-1.zip: 57%
2024-05-17T20:07:14.510Z [Modules] Streaming discord_spellcheck@1 to /home/kamilyousuf/.config/discord/0.0.53/modules/pending/discord_spellcheck-1.zip: 58%
2024-05-17T20:07:14.538Z [Modules] Streaming discord_spellcheck@1 to /home/kamilyousuf/.config/discord/0.0.53/modules/pending/discord_spellcheck-1.zip: 59%
2024-05-17T20:07:14.567Z [Modules] Streaming discord_spellcheck@1 to /home/kamilyousuf/.config/discord/0.0.53/modules/pending/discord_spellcheck-1.zip: 60%
2024-05-17T20:07:14.596Z [Modules] Streaming discord_spellcheck@1 to /home/kamilyousuf/.config/discord/0.0.53/modules/pending/discord_spellcheck-1.zip: 61%
2024-05-17T20:07:14.623Z [Modules] Streaming discord_spellcheck@1 to /home/kamilyousuf/.config/discord/0.0.53/modules/pending/discord_spellcheck-1.zip: 62%
2024-05-17T20:07:14.653Z [Modules] Streaming discord_spellcheck@1 to /home/kamilyousuf/.config/discord/0.0.53/modules/pending/discord_spellcheck-1.zip: 63%
2024-05-17T20:07:14.678Z [Modules] Streaming discord_spellcheck@1 to /home/kamilyousuf/.config/discord/0.0.53/modules/pending/discord_spellcheck-1.zip: 64%
2024-05-17T20:07:14.703Z [Modules] Streaming discord_spellcheck@1 to /home/kamilyousuf/.config/discord/0.0.53/modules/pending/discord_spellcheck-1.zip: 65%
2024-05-17T20:07:14.734Z [Modules] Streaming discord_spellcheck@1 to /home/kamilyousuf/.config/discord/0.0.53/modules/pending/discord_spellcheck-1.zip: 66%
2024-05-17T20:07:14.766Z [Modules] Streaming discord_spellcheck@1 to /home/kamilyousuf/.config/discord/0.0.53/modules/pending/discord_spellcheck-1.zip: 67%
2024-05-17T20:07:14.790Z [Modules] Streaming discord_spellcheck@1 to /home/kamilyousuf/.config/discord/0.0.53/modules/pending/discord_spellcheck-1.zip: 68%
2024-05-17T20:07:14.816Z [Modules] Streaming discord_spellcheck@1 to /home/kamilyousuf/.config/discord/0.0.53/modules/pending/discord_spellcheck-1.zip: 69%
2024-05-17T20:07:14.846Z [Modules] Streaming discord_spellcheck@1 to /home/kamilyousuf/.config/discord/0.0.53/modules/pending/discord_spellcheck-1.zip: 70%
2024-05-17T20:07:14.869Z [Modules] Streaming discord_spellcheck@1 to /home/kamilyousuf/.config/discord/0.0.53/modules/pending/discord_spellcheck-1.zip: 71%
2024-05-17T20:07:14.901Z [Modules] Streaming discord_spellcheck@1 to /home/kamilyousuf/.config/discord/0.0.53/modules/pending/discord_spellcheck-1.zip: 72%
2024-05-17T20:07:14.927Z [Modules] Streaming discord_spellcheck@1 to /home/kamilyousuf/.config/discord/0.0.53/modules/pending/discord_spellcheck-1.zip: 73%
2024-05-17T20:07:14.953Z [Modules] Streaming discord_spellcheck@1 to /home/kamilyousuf/.config/discord/0.0.53/modules/pending/discord_spellcheck-1.zip: 74%
2024-05-17T20:07:14.982Z [Modules] Streaming discord_spellcheck@1 to /home/kamilyousuf/.config/discord/0.0.53/modules/pending/discord_spellcheck-1.zip: 75%
2024-05-17T20:07:15.007Z [Modules] Streaming discord_spellcheck@1 to /home/kamilyousuf/.config/discord/0.0.53/modules/pending/discord_spellcheck-1.zip: 76%
2024-05-17T20:07:15.039Z [Modules] Streaming discord_spellcheck@1 to /home/kamilyousuf/.config/discord/0.0.53/modules/pending/discord_spellcheck-1.zip: 77%
2024-05-17T20:07:15.070Z [Modules] Streaming discord_spellcheck@1 to /home/kamilyousuf/.config/discord/0.0.53/modules/pending/discord_spellcheck-1.zip: 78%
2024-05-17T20:07:15.096Z [Modules] Streaming discord_spellcheck@1 to /home/kamilyousuf/.config/discord/0.0.53/modules/pending/discord_spellcheck-1.zip: 79%
2024-05-17T20:07:15.119Z [Modules] Streaming discord_spellcheck@1 to /home/kamilyousuf/.config/discord/0.0.53/modules/pending/discord_spellcheck-1.zip: 80%
2024-05-17T20:07:15.147Z [Modules] Streaming discord_spellcheck@1 to /home/kamilyousuf/.config/discord/0.0.53/modules/pending/discord_spellcheck-1.zip: 81%
2024-05-17T20:07:15.177Z [Modules] Streaming discord_spellcheck@1 to /home/kamilyousuf/.config/discord/0.0.53/modules/pending/discord_spellcheck-1.zip: 82%
2024-05-17T20:07:15.206Z [Modules] Streaming discord_spellcheck@1 to /home/kamilyousuf/.config/discord/0.0.53/modules/pending/discord_spellcheck-1.zip: 83%
2024-05-17T20:07:15.230Z [Modules] Streaming discord_spellcheck@1 to /home/kamilyousuf/.config/discord/0.0.53/modules/pending/discord_spellcheck-1.zip: 84%
2024-05-17T20:07:15.279Z [Modules] Streaming discord_spellcheck@1 to /home/kamilyousuf/.config/discord/0.0.53/modules/pending/discord_spellcheck-1.zip: 85%
2024-05-17T20:07:15.291Z [Modules] Streaming discord_spellcheck@1 to /home/kamilyousuf/.config/discord/0.0.53/modules/pending/discord_spellcheck-1.zip: 86%
2024-05-17T20:07:15.311Z [Modules] Streaming discord_spellcheck@1 to /home/kamilyousuf/.config/discord/0.0.53/modules/pending/discord_spellcheck-1.zip: 87%
2024-05-17T20:07:15.343Z [Modules] Streaming discord_spellcheck@1 to /home/kamilyousuf/.config/discord/0.0.53/modules/pending/discord_spellcheck-1.zip: 88%
2024-05-17T20:07:15.374Z [Modules] Streaming discord_spellcheck@1 to /home/kamilyousuf/.config/discord/0.0.53/modules/pending/discord_spellcheck-1.zip: 89%
2024-05-17T20:07:15.396Z [Modules] Streaming discord_spellcheck@1 to /home/kamilyousuf/.config/discord/0.0.53/modules/pending/discord_spellcheck-1.zip: 90%
2024-05-17T20:07:15.424Z [Modules] Streaming discord_spellcheck@1 to /home/kamilyousuf/.config/discord/0.0.53/modules/pending/discord_spellcheck-1.zip: 91%
2024-05-17T20:07:15.450Z [Modules] Streaming discord_spellcheck@1 to /home/kamilyousuf/.config/discord/0.0.53/modules/pending/discord_spellcheck-1.zip: 92%
2024-05-17T20:07:15.477Z [Modules] Streaming discord_spellcheck@1 to /home/kamilyousuf/.config/discord/0.0.53/modules/pending/discord_spellcheck-1.zip: 93%
2024-05-17T20:07:15.508Z [Modules] Streaming discord_spellcheck@1 to /home/kamilyousuf/.config/discord/0.0.53/modules/pending/discord_spellcheck-1.zip: 94%
2024-05-17T20:07:15.535Z [Modules] Streaming discord_spellcheck@1 to /home/kamilyousuf/.config/discord/0.0.53/modules/pending/discord_spellcheck-1.zip: 95%
2024-05-17T20:07:15.562Z [Modules] Streaming discord_spellcheck@1 to /home/kamilyousuf/.config/discord/0.0.53/modules/pending/discord_spellcheck-1.zip: 96%
2024-05-17T20:07:15.589Z [Modules] Streaming discord_spellcheck@1 to /home/kamilyousuf/.config/discord/0.0.53/modules/pending/discord_spellcheck-1.zip: 97%
2024-05-17T20:07:15.616Z [Modules] Streaming discord_spellcheck@1 to /home/kamilyousuf/.config/discord/0.0.53/modules/pending/discord_spellcheck-1.zip: 98%
2024-05-17T20:07:15.647Z [Modules] Streaming discord_spellcheck@1 to /home/kamilyousuf/.config/discord/0.0.53/modules/pending/discord_spellcheck-1.zip: 99%
2024-05-17T20:07:15.668Z [Modules] Streaming discord_spellcheck@1 to /home/kamilyousuf/.config/discord/0.0.53/modules/pending/discord_spellcheck-1.zip: 100%
2024-05-17T20:07:15.672Z [Modules] Fetching discord_utils@1 from https://discord.com/api/modules/stable/discord_utils/1
2024-05-17T20:07:15.672Z [Modules] Streaming discord_utils@1 to /home/kamilyousuf/.config/discord/0.0.53/modules/pending/discord_utils-1.zip
2024-05-17T20:07:15.924Z [Modules] Streaming discord_utils@1 to /home/kamilyousuf/.config/discord/0.0.53/modules/pending/discord_utils-1.zip: 1%
2024-05-17T20:07:15.933Z [Modules] Streaming discord_utils@1 to /home/kamilyousuf/.config/discord/0.0.53/modules/pending/discord_utils-1.zip: 2%
2024-05-17T20:07:15.943Z [Modules] Streaming discord_utils@1 to /home/kamilyousuf/.config/discord/0.0.53/modules/pending/discord_utils-1.zip: 3%
2024-05-17T20:07:15.952Z [Modules] Streaming discord_utils@1 to /home/kamilyousuf/.config/discord/0.0.53/modules/pending/discord_utils-1.zip: 4%
2024-05-17T20:07:15.960Z [Modules] Streaming discord_utils@1 to /home/kamilyousuf/.config/discord/0.0.53/modules/pending/discord_utils-1.zip: 5%
2024-05-17T20:07:15.970Z [Modules] Streaming discord_utils@1 to /home/kamilyousuf/.config/discord/0.0.53/modules/pending/discord_utils-1.zip: 6%
2024-05-17T20:07:15.982Z [Modules] Streaming discord_utils@1 to /home/kamilyousuf/.config/discord/0.0.53/modules/pending/discord_utils-1.zip: 7%
2024-05-17T20:07:15.988Z [Modules] Streaming discord_utils@1 to /home/kamilyousuf/.config/discord/0.0.53/modules/pending/discord_utils-1.zip: 8%
2024-05-17T20:07:15.997Z [Modules] Streaming discord_utils@1 to /home/kamilyousuf/.config/discord/0.0.53/modules/pending/discord_utils-1.zip: 9%
2024-05-17T20:07:16.005Z [Modules] Streaming discord_utils@1 to /home/kamilyousuf/.config/discord/0.0.53/modules/pending/discord_utils-1.zip: 10%
2024-05-17T20:07:16.014Z [Modules] Streaming discord_utils@1 to /home/kamilyousuf/.config/discord/0.0.53/modules/pending/discord_utils-1.zip: 11%
2024-05-17T20:07:16.022Z [Modules] Streaming discord_utils@1 to /home/kamilyousuf/.config/discord/0.0.53/modules/pending/discord_utils-1.zip: 12%
2024-05-17T20:07:16.031Z [Modules] Streaming discord_utils@1 to /home/kamilyousuf/.config/discord/0.0.53/modules/pending/discord_utils-1.zip: 13%
2024-05-17T20:07:16.038Z [Modules] Streaming discord_utils@1 to /home/kamilyousuf/.config/discord/0.0.53/modules/pending/discord_utils-1.zip: 14%
2024-05-17T20:07:16.042Z [Modules] Streaming discord_utils@1 to /home/kamilyousuf/.config/discord/0.0.53/modules/pending/discord_utils-1.zip: 15%
2024-05-17T20:07:16.050Z [Modules] Streaming discord_utils@1 to /home/kamilyousuf/.config/discord/0.0.53/modules/pending/discord_utils-1.zip: 16%
2024-05-17T20:07:16.057Z [Modules] Streaming discord_utils@1 to /home/kamilyousuf/.config/discord/0.0.53/modules/pending/discord_utils-1.zip: 17%
2024-05-17T20:07:16.063Z [Modules] Streaming discord_utils@1 to /home/kamilyousuf/.config/discord/0.0.53/modules/pending/discord_utils-1.zip: 18%
2024-05-17T20:07:16.072Z [Modules] Streaming discord_utils@1 to /home/kamilyousuf/.config/discord/0.0.53/modules/pending/discord_utils-1.zip: 19%
2024-05-17T20:07:16.079Z [Modules] Streaming discord_utils@1 to /home/kamilyousuf/.config/discord/0.0.53/modules/pending/discord_utils-1.zip: 20%
2024-05-17T20:07:16.088Z [Modules] Streaming discord_utils@1 to /home/kamilyousuf/.config/discord/0.0.53/modules/pending/discord_utils-1.zip: 21%
2024-05-17T20:07:16.097Z [Modules] Streaming discord_utils@1 to /home/kamilyousuf/.config/discord/0.0.53/modules/pending/discord_utils-1.zip: 22%
2024-05-17T20:07:16.109Z [Modules] Streaming discord_utils@1 to /home/kamilyousuf/.config/discord/0.0.53/modules/pending/discord_utils-1.zip: 23%
2024-05-17T20:07:16.112Z [Modules] Streaming discord_utils@1 to /home/kamilyousuf/.config/discord/0.0.53/modules/pending/discord_utils-1.zip: 24%
2024-05-17T20:07:16.119Z [Modules] Streaming discord_utils@1 to /home/kamilyousuf/.config/discord/0.0.53/modules/pending/discord_utils-1.zip: 25%
2024-05-17T20:07:16.127Z [Modules] Streaming discord_utils@1 to /home/kamilyousuf/.config/discord/0.0.53/modules/pending/discord_utils-1.zip: 26%
2024-05-17T20:07:16.136Z [Modules] Streaming discord_utils@1 to /home/kamilyousuf/.config/discord/0.0.53/modules/pending/discord_utils-1.zip: 27%
2024-05-17T20:07:16.143Z [Modules] Streaming discord_utils@1 to /home/kamilyousuf/.config/discord/0.0.53/modules/pending/discord_utils-1.zip: 28%
2024-05-17T20:07:16.148Z [Modules] Streaming discord_utils@1 to /home/kamilyousuf/.config/discord/0.0.53/modules/pending/discord_utils-1.zip: 29%
2024-05-17T20:07:16.155Z [Modules] Streaming discord_utils@1 to /home/kamilyousuf/.config/discord/0.0.53/modules/pending/discord_utils-1.zip: 30%
2024-05-17T20:07:16.163Z [Modules] Streaming discord_utils@1 to /home/kamilyousuf/.config/discord/0.0.53/modules/pending/discord_utils-1.zip: 31%
2024-05-17T20:07:16.170Z [Modules] Streaming discord_utils@1 to /home/kamilyousuf/.config/discord/0.0.53/modules/pending/discord_utils-1.zip: 32%
2024-05-17T20:07:16.178Z [Modules] Streaming discord_utils@1 to /home/kamilyousuf/.config/discord/0.0.53/modules/pending/discord_utils-1.zip: 33%
2024-05-17T20:07:16.187Z [Modules] Streaming discord_utils@1 to /home/kamilyousuf/.config/discord/0.0.53/modules/pending/discord_utils-1.zip: 34%
2024-05-17T20:07:16.191Z [Modules] Streaming discord_utils@1 to /home/kamilyousuf/.config/discord/0.0.53/modules/pending/discord_utils-1.zip: 35%
2024-05-17T20:07:16.200Z [Modules] Streaming discord_utils@1 to /home/kamilyousuf/.config/discord/0.0.53/modules/pending/discord_utils-1.zip: 36%
2024-05-17T20:07:16.207Z [Modules] Streaming discord_utils@1 to /home/kamilyousuf/.config/discord/0.0.53/modules/pending/discord_utils-1.zip: 37%
2024-05-17T20:07:16.213Z [Modules] Streaming discord_utils@1 to /home/kamilyousuf/.config/discord/0.0.53/modules/pending/discord_utils-1.zip: 38%
2024-05-17T20:07:16.220Z [Modules] Streaming discord_utils@1 to /home/kamilyousuf/.config/discord/0.0.53/modules/pending/discord_utils-1.zip: 39%
2024-05-17T20:07:16.229Z [Modules] Streaming discord_utils@1 to /home/kamilyousuf/.config/discord/0.0.53/modules/pending/discord_utils-1.zip: 40%
2024-05-17T20:07:16.234Z [Modules] Streaming discord_utils@1 to /home/kamilyousuf/.config/discord/0.0.53/modules/pending/discord_utils-1.zip: 41%
2024-05-17T20:07:16.238Z [Modules] Streaming discord_utils@1 to /home/kamilyousuf/.config/discord/0.0.53/modules/pending/discord_utils-1.zip: 42%
2024-05-17T20:07:16.247Z [Modules] Streaming discord_utils@1 to /home/kamilyousuf/.config/discord/0.0.53/modules/pending/discord_utils-1.zip: 43%
2024-05-17T20:07:16.254Z [Modules] Streaming discord_utils@1 to /home/kamilyousuf/.config/discord/0.0.53/modules/pending/discord_utils-1.zip: 44%
2024-05-17T20:07:16.264Z [Modules] Streaming discord_utils@1 to /home/kamilyousuf/.config/discord/0.0.53/modules/pending/discord_utils-1.zip: 45%
2024-05-17T20:07:16.268Z [Modules] Streaming discord_utils@1 to /home/kamilyousuf/.config/discord/0.0.53/modules/pending/discord_utils-1.zip: 46%
2024-05-17T20:07:16.279Z [Modules] Streaming discord_utils@1 to /home/kamilyousuf/.config/discord/0.0.53/modules/pending/discord_utils-1.zip: 47%
2024-05-17T20:07:16.282Z [Modules] Streaming discord_utils@1 to /home/kamilyousuf/.config/discord/0.0.53/modules/pending/discord_utils-1.zip: 48%
2024-05-17T20:07:16.291Z [Modules] Streaming discord_utils@1 to /home/kamilyousuf/.config/discord/0.0.53/modules/pending/discord_utils-1.zip: 49%
2024-05-17T20:07:16.297Z [Modules] Streaming discord_utils@1 to /home/kamilyousuf/.config/discord/0.0.53/modules/pending/discord_utils-1.zip: 50%
2024-05-17T20:07:16.304Z [Modules] Streaming discord_utils@1 to /home/kamilyousuf/.config/discord/0.0.53/modules/pending/discord_utils-1.zip: 51%
2024-05-17T20:07:16.314Z [Modules] Streaming discord_utils@1 to /home/kamilyousuf/.config/discord/0.0.53/modules/pending/discord_utils-1.zip: 52%
2024-05-17T20:07:16.321Z [Modules] Streaming discord_utils@1 to /home/kamilyousuf/.config/discord/0.0.53/modules/pending/discord_utils-1.zip: 53%
2024-05-17T20:07:16.329Z [Modules] Streaming discord_utils@1 to /home/kamilyousuf/.config/discord/0.0.53/modules/pending/discord_utils-1.zip: 54%
2024-05-17T20:07:16.337Z [Modules] Streaming discord_utils@1 to /home/kamilyousuf/.config/discord/0.0.53/modules/pending/discord_utils-1.zip: 55%
2024-05-17T20:07:16.340Z [Modules] Streaming discord_utils@1 to /home/kamilyousuf/.config/discord/0.0.53/modules/pending/discord_utils-1.zip: 57%
2024-05-17T20:07:16.343Z [Modules] Streaming discord_utils@1 to /home/kamilyousuf/.config/discord/0.0.53/modules/pending/discord_utils-1.zip: 58%
2024-05-17T20:07:16.349Z [Modules] Streaming discord_utils@1 to /home/kamilyousuf/.config/discord/0.0.53/modules/pending/discord_utils-1.zip: 59%
2024-05-17T20:07:16.355Z [Modules] Streaming discord_utils@1 to /home/kamilyousuf/.config/discord/0.0.53/modules/pending/discord_utils-1.zip: 60%
2024-05-17T20:07:16.363Z [Modules] Streaming discord_utils@1 to /home/kamilyousuf/.config/discord/0.0.53/modules/pending/discord_utils-1.zip: 61%
2024-05-17T20:07:16.372Z [Modules] Streaming discord_utils@1 to /home/kamilyousuf/.config/discord/0.0.53/modules/pending/discord_utils-1.zip: 62%
2024-05-17T20:07:16.382Z [Modules] Streaming discord_utils@1 to /home/kamilyousuf/.config/discord/0.0.53/modules/pending/discord_utils-1.zip: 63%
2024-05-17T20:07:16.395Z [Modules] Streaming discord_utils@1 to /home/kamilyousuf/.config/discord/0.0.53/modules/pending/discord_utils-1.zip: 65%
2024-05-17T20:07:16.401Z [Modules] Streaming discord_utils@1 to /home/kamilyousuf/.config/discord/0.0.53/modules/pending/discord_utils-1.zip: 66%
2024-05-17T20:07:16.407Z [Modules] Streaming discord_utils@1 to /home/kamilyousuf/.config/discord/0.0.53/modules/pending/discord_utils-1.zip: 67%
2024-05-17T20:07:16.410Z [Modules] Streaming discord_utils@1 to /home/kamilyousuf/.config/discord/0.0.53/modules/pending/discord_utils-1.zip: 68%
2024-05-17T20:07:16.416Z [Modules] Streaming discord_utils@1 to /home/kamilyousuf/.config/discord/0.0.53/modules/pending/discord_utils-1.zip: 69%
2024-05-17T20:07:16.422Z [Modules] Streaming discord_utils@1 to /home/kamilyousuf/.config/discord/0.0.53/modules/pending/discord_utils-1.zip: 70%
2024-05-17T20:07:16.428Z [Modules] Streaming discord_utils@1 to /home/kamilyousuf/.config/discord/0.0.53/modules/pending/discord_utils-1.zip: 71%
2024-05-17T20:07:16.433Z [Modules] Streaming discord_utils@1 to /home/kamilyousuf/.config/discord/0.0.53/modules/pending/discord_utils-1.zip: 72%
2024-05-17T20:07:16.438Z [Modules] Streaming discord_utils@1 to /home/kamilyousuf/.config/discord/0.0.53/modules/pending/discord_utils-1.zip: 73%
2024-05-17T20:07:16.445Z [Modules] Streaming discord_utils@1 to /home/kamilyousuf/.config/discord/0.0.53/modules/pending/discord_utils-1.zip: 74%
2024-05-17T20:07:16.450Z [Modules] Streaming discord_utils@1 to /home/kamilyousuf/.config/discord/0.0.53/modules/pending/discord_utils-1.zip: 75%
2024-05-17T20:07:16.456Z [Modules] Streaming discord_utils@1 to /home/kamilyousuf/.config/discord/0.0.53/modules/pending/discord_utils-1.zip: 76%
2024-05-17T20:07:16.462Z [Modules] Streaming discord_utils@1 to /home/kamilyousuf/.config/discord/0.0.53/modules/pending/discord_utils-1.zip: 77%
2024-05-17T20:07:16.472Z [Modules] Streaming discord_utils@1 to /home/kamilyousuf/.config/discord/0.0.53/modules/pending/discord_utils-1.zip: 78%
2024-05-17T20:07:16.474Z [Modules] Streaming discord_utils@1 to /home/kamilyousuf/.config/discord/0.0.53/modules/pending/discord_utils-1.zip: 79%
2024-05-17T20:07:16.482Z [Modules] Streaming discord_utils@1 to /home/kamilyousuf/.config/discord/0.0.53/modules/pending/discord_utils-1.zip: 80%
2024-05-17T20:07:16.486Z [Modules] Streaming discord_utils@1 to /home/kamilyousuf/.config/discord/0.0.53/modules/pending/discord_utils-1.zip: 81%
2024-05-17T20:07:16.488Z [Modules] Streaming discord_utils@1 to /home/kamilyousuf/.config/discord/0.0.53/modules/pending/discord_utils-1.zip: 82%
2024-05-17T20:07:16.495Z [Modules] Streaming discord_utils@1 to /home/kamilyousuf/.config/discord/0.0.53/modules/pending/discord_utils-1.zip: 83%
2024-05-17T20:07:16.501Z [Modules] Streaming discord_utils@1 to /home/kamilyousuf/.config/discord/0.0.53/modules/pending/discord_utils-1.zip: 84%
2024-05-17T20:07:16.507Z [Modules] Streaming discord_utils@1 to /home/kamilyousuf/.config/discord/0.0.53/modules/pending/discord_utils-1.zip: 85%
2024-05-17T20:07:16.514Z [Modules] Streaming discord_utils@1 to /home/kamilyousuf/.config/discord/0.0.53/modules/pending/discord_utils-1.zip: 86%
2024-05-17T20:07:16.518Z [Modules] Streaming discord_utils@1 to /home/kamilyousuf/.config/discord/0.0.53/modules/pending/discord_utils-1.zip: 87%
2024-05-17T20:07:16.527Z [Modules] Streaming discord_utils@1 to /home/kamilyousuf/.config/discord/0.0.53/modules/pending/discord_utils-1.zip: 88%
2024-05-17T20:07:16.530Z [Modules] Streaming discord_utils@1 to /home/kamilyousuf/.config/discord/0.0.53/modules/pending/discord_utils-1.zip: 89%
2024-05-17T20:07:16.536Z [Modules] Streaming discord_utils@1 to /home/kamilyousuf/.config/discord/0.0.53/modules/pending/discord_utils-1.zip: 90%
2024-05-17T20:07:16.543Z [Modules] Streaming discord_utils@1 to /home/kamilyousuf/.config/discord/0.0.53/modules/pending/discord_utils-1.zip: 91%
2024-05-17T20:07:16.548Z [Modules] Streaming discord_utils@1 to /home/kamilyousuf/.config/discord/0.0.53/modules/pending/discord_utils-1.zip: 92%
2024-05-17T20:07:16.553Z [Modules] Streaming discord_utils@1 to /home/kamilyousuf/.config/discord/0.0.53/modules/pending/discord_utils-1.zip: 93%
2024-05-17T20:07:16.564Z [Modules] Streaming discord_utils@1 to /home/kamilyousuf/.config/discord/0.0.53/modules/pending/discord_utils-1.zip: 95%
2024-05-17T20:07:16.569Z [Modules] Streaming discord_utils@1 to /home/kamilyousuf/.config/discord/0.0.53/modules/pending/discord_utils-1.zip: 96%
2024-05-17T20:07:16.574Z [Modules] Streaming discord_utils@1 to /home/kamilyousuf/.config/discord/0.0.53/modules/pending/discord_utils-1.zip: 97%
2024-05-17T20:07:16.580Z [Modules] Streaming discord_utils@1 to /home/kamilyousuf/.config/discord/0.0.53/modules/pending/discord_utils-1.zip: 98%
2024-05-17T20:07:16.586Z [Modules] Streaming discord_utils@1 to /home/kamilyousuf/.config/discord/0.0.53/modules/pending/discord_utils-1.zip: 99%
2024-05-17T20:07:16.588Z [Modules] Streaming discord_utils@1 to /home/kamilyousuf/.config/discord/0.0.53/modules/pending/discord_utils-1.zip: 100%
2024-05-17T20:07:16.591Z [Modules] Fetching discord_voice@1 from https://discord.com/api/modules/stable/discord_voice/1
2024-05-17T20:07:16.591Z [Modules] Streaming discord_voice@1 to /home/kamilyousuf/.config/discord/0.0.53/modules/pending/discord_voice-1.zip
2024-05-17T20:07:16.790Z [Modules] Streaming discord_voice@1 to /home/kamilyousuf/.config/discord/0.0.53/modules/pending/discord_voice-1.zip: 1%
2024-05-17T20:07:16.822Z [Modules] Streaming discord_voice@1 to /home/kamilyousuf/.config/discord/0.0.53/modules/pending/discord_voice-1.zip: 2%
2024-05-17T20:07:16.870Z [Modules] Streaming discord_voice@1 to /home/kamilyousuf/.config/discord/0.0.53/modules/pending/discord_voice-1.zip: 3%
2024-05-17T20:07:16.906Z [Modules] Streaming discord_voice@1 to /home/kamilyousuf/.config/discord/0.0.53/modules/pending/discord_voice-1.zip: 4%
2024-05-17T20:07:16.939Z [Modules] Streaming discord_voice@1 to /home/kamilyousuf/.config/discord/0.0.53/modules/pending/discord_voice-1.zip: 5%
2024-05-17T20:07:16.974Z [Modules] Streaming discord_voice@1 to /home/kamilyousuf/.config/discord/0.0.53/modules/pending/discord_voice-1.zip: 6%
2024-05-17T20:07:17.012Z [Modules] Streaming discord_voice@1 to /home/kamilyousuf/.config/discord/0.0.53/modules/pending/discord_voice-1.zip: 7%
2024-05-17T20:07:17.044Z [Modules] Streaming discord_voice@1 to /home/kamilyousuf/.config/discord/0.0.53/modules/pending/discord_voice-1.zip: 8%
2024-05-17T20:07:17.077Z [Modules] Streaming discord_voice@1 to /home/kamilyousuf/.config/discord/0.0.53/modules/pending/discord_voice-1.zip: 9%
2024-05-17T20:07:17.117Z [Modules] Streaming discord_voice@1 to /home/kamilyousuf/.config/discord/0.0.53/modules/pending/discord_voice-1.zip: 10%
2024-05-17T20:07:17.182Z [Modules] Streaming discord_voice@1 to /home/kamilyousuf/.config/discord/0.0.53/modules/pending/discord_voice-1.zip: 11%
2024-05-17T20:07:17.184Z [Modules] Streaming discord_voice@1 to /home/kamilyousuf/.config/discord/0.0.53/modules/pending/discord_voice-1.zip: 12%
2024-05-17T20:07:17.218Z [Modules] Streaming discord_voice@1 to /home/kamilyousuf/.config/discord/0.0.53/modules/pending/discord_voice-1.zip: 13%
2024-05-17T20:07:17.251Z [Modules] Streaming discord_voice@1 to /home/kamilyousuf/.config/discord/0.0.53/modules/pending/discord_voice-1.zip: 14%
2024-05-17T20:07:17.288Z [Modules] Streaming discord_voice@1 to /home/kamilyousuf/.config/discord/0.0.53/modules/pending/discord_voice-1.zip: 15%
2024-05-17T20:07:17.322Z [Modules] Streaming discord_voice@1 to /home/kamilyousuf/.config/discord/0.0.53/modules/pending/discord_voice-1.zip: 16%
2024-05-17T20:07:17.405Z [Modules] Streaming discord_voice@1 to /home/kamilyousuf/.config/discord/0.0.53/modules/pending/discord_voice-1.zip: 17%
2024-05-17T20:07:17.433Z [Modules] Streaming discord_voice@1 to /home/kamilyousuf/.config/discord/0.0.53/modules/pending/discord_voice-1.zip: 18%
2024-05-17T20:07:17.486Z [Modules] Streaming discord_voice@1 to /home/kamilyousuf/.config/discord/0.0.53/modules/pending/discord_voice-1.zip: 19%
2024-05-17T20:07:17.488Z [Modules] Streaming discord_voice@1 to /home/kamilyousuf/.config/discord/0.0.53/modules/pending/discord_voice-1.zip: 20%
2024-05-17T20:07:17.493Z [Modules] Streaming discord_voice@1 to /home/kamilyousuf/.config/discord/0.0.53/modules/pending/discord_voice-1.zip: 21%
2024-05-17T20:07:17.529Z [Modules] Streaming discord_voice@1 to /home/kamilyousuf/.config/discord/0.0.53/modules/pending/discord_voice-1.zip: 22%
2024-05-17T20:07:17.563Z [Modules] Streaming discord_voice@1 to /home/kamilyousuf/.config/discord/0.0.53/modules/pending/discord_voice-1.zip: 23%
2024-05-17T20:07:17.644Z [Modules] Streaming discord_voice@1 to /home/kamilyousuf/.config/discord/0.0.53/modules/pending/discord_voice-1.zip: 24%
2024-05-17T20:07:17.668Z [Modules] Streaming discord_voice@1 to /home/kamilyousuf/.config/discord/0.0.53/modules/pending/discord_voice-1.zip: 25%
2024-05-17T20:07:17.709Z [Modules] Streaming discord_voice@1 to /home/kamilyousuf/.config/discord/0.0.53/modules/pending/discord_voice-1.zip: 26%
2024-05-17T20:07:17.784Z [Modules] Streaming discord_voice@1 to /home/kamilyousuf/.config/discord/0.0.53/modules/pending/discord_voice-1.zip: 27%
2024-05-17T20:07:17.794Z [Modules] Streaming discord_voice@1 to /home/kamilyousuf/.config/discord/0.0.53/modules/pending/discord_voice-1.zip: 28%
2024-05-17T20:07:17.814Z [Modules] Streaming discord_voice@1 to /home/kamilyousuf/.config/discord/0.0.53/modules/pending/discord_voice-1.zip: 29%
2024-05-17T20:07:17.847Z [Modules] Streaming discord_voice@1 to /home/kamilyousuf/.config/discord/0.0.53/modules/pending/discord_voice-1.zip: 30%
2024-05-17T20:07:17.880Z [Modules] Streaming discord_voice@1 to /home/kamilyousuf/.config/discord/0.0.53/modules/pending/discord_voice-1.zip: 31%
2024-05-17T20:07:17.916Z [Modules] Streaming discord_voice@1 to /home/kamilyousuf/.config/discord/0.0.53/modules/pending/discord_voice-1.zip: 32%
2024-05-17T20:07:17.953Z [Modules] Streaming discord_voice@1 to /home/kamilyousuf/.config/discord/0.0.53/modules/pending/discord_voice-1.zip: 33%
2024-05-17T20:07:18.029Z [Modules] Streaming discord_voice@1 to /home/kamilyousuf/.config/discord/0.0.53/modules/pending/discord_voice-1.zip: 34%
2024-05-17T20:07:18.066Z [Modules] Streaming discord_voice@1 to /home/kamilyousuf/.config/discord/0.0.53/modules/pending/discord_voice-1.zip: 35%
2024-05-17T20:07:18.090Z [Modules] Streaming discord_voice@1 to /home/kamilyousuf/.config/discord/0.0.53/modules/pending/discord_voice-1.zip: 36%
2024-05-17T20:07:18.097Z [Modules] Streaming discord_voice@1 to /home/kamilyousuf/.config/discord/0.0.53/modules/pending/discord_voice-1.zip: 37%
2024-05-17T20:07:18.122Z [Modules] Streaming discord_voice@1 to /home/kamilyousuf/.config/discord/0.0.53/modules/pending/discord_voice-1.zip: 38%
2024-05-17T20:07:18.161Z [Modules] Streaming discord_voice@1 to /home/kamilyousuf/.config/discord/0.0.53/modules/pending/discord_voice-1.zip: 39%
2024-05-17T20:07:18.192Z [Modules] Streaming discord_voice@1 to /home/kamilyousuf/.config/discord/0.0.53/modules/pending/discord_voice-1.zip: 40%
2024-05-17T20:07:18.274Z [Modules] Streaming discord_voice@1 to /home/kamilyousuf/.config/discord/0.0.53/modules/pending/discord_voice-1.zip: 41%
2024-05-17T20:07:18.304Z [Modules] Streaming discord_voice@1 to /home/kamilyousuf/.config/discord/0.0.53/modules/pending/discord_voice-1.zip: 42%
2024-05-17T20:07:18.318Z [Modules] Streaming discord_voice@1 to /home/kamilyousuf/.config/discord/0.0.53/modules/pending/discord_voice-1.zip: 43%
2024-05-17T20:07:18.380Z [Modules] Streaming discord_voice@1 to /home/kamilyousuf/.config/discord/0.0.53/modules/pending/discord_voice-1.zip: 44%
2024-05-17T20:07:18.406Z [Modules] Streaming discord_voice@1 to /home/kamilyousuf/.config/discord/0.0.53/modules/pending/discord_voice-1.zip: 45%
2024-05-17T20:07:18.409Z [Modules] Streaming discord_voice@1 to /home/kamilyousuf/.config/discord/0.0.53/modules/pending/discord_voice-1.zip: 46%
2024-05-17T20:07:18.434Z [Modules] Streaming discord_voice@1 to /home/kamilyousuf/.config/discord/0.0.53/modules/pending/discord_voice-1.zip: 47%
2024-05-17T20:07:18.468Z [Modules] Streaming discord_voice@1 to /home/kamilyousuf/.config/discord/0.0.53/modules/pending/discord_voice-1.zip: 48%
2024-05-17T20:07:18.502Z [Modules] Streaming discord_voice@1 to /home/kamilyousuf/.config/discord/0.0.53/modules/pending/discord_voice-1.zip: 49%
2024-05-17T20:07:18.543Z [Modules] Streaming discord_voice@1 to /home/kamilyousuf/.config/discord/0.0.53/modules/pending/discord_voice-1.zip: 50%
2024-05-17T20:07:18.619Z [Modules] Streaming discord_voice@1 to /home/kamilyousuf/.config/discord/0.0.53/modules/pending/discord_voice-1.zip: 51%
2024-05-17T20:07:18.646Z [Modules] Streaming discord_voice@1 to /home/kamilyousuf/.config/discord/0.0.53/modules/pending/discord_voice-1.zip: 52%
2024-05-17T20:07:18.649Z [Modules] Streaming discord_voice@1 to /home/kamilyousuf/.config/discord/0.0.53/modules/pending/discord_voice-1.zip: 53%
2024-05-17T20:07:18.713Z [Modules] Streaming discord_voice@1 to /home/kamilyousuf/.config/discord/0.0.53/modules/pending/discord_voice-1.zip: 54%
2024-05-17T20:07:18.715Z [Modules] Streaming discord_voice@1 to /home/kamilyousuf/.config/discord/0.0.53/modules/pending/discord_voice-1.zip: 55%
2024-05-17T20:07:18.751Z [Modules] Streaming discord_voice@1 to /home/kamilyousuf/.config/discord/0.0.53/modules/pending/discord_voice-1.zip: 56%
2024-05-17T20:07:18.780Z [Modules] Streaming discord_voice@1 to /home/kamilyousuf/.config/discord/0.0.53/modules/pending/discord_voice-1.zip: 57%
2024-05-17T20:07:18.814Z [Modules] Streaming discord_voice@1 to /home/kamilyousuf/.config/discord/0.0.53/modules/pending/discord_voice-1.zip: 58%
2024-05-17T20:07:18.892Z [Modules] Streaming discord_voice@1 to /home/kamilyousuf/.config/discord/0.0.53/modules/pending/discord_voice-1.zip: 59%
2024-05-17T20:07:18.925Z [Modules] Streaming discord_voice@1 to /home/kamilyousuf/.config/discord/0.0.53/modules/pending/discord_voice-1.zip: 60%
2024-05-17T20:07:18.935Z [Modules] Streaming discord_voice@1 to /home/kamilyousuf/.config/discord/0.0.53/modules/pending/discord_voice-1.zip: 61%
2024-05-17T20:07:19.003Z [Modules] Streaming discord_voice@1 to /home/kamilyousuf/.config/discord/0.0.53/modules/pending/discord_voice-1.zip: 62%
2024-05-17T20:07:19.021Z [Modules] Streaming discord_voice@1 to /home/kamilyousuf/.config/discord/0.0.53/modules/pending/discord_voice-1.zip: 63%
2024-05-17T20:07:19.024Z [Modules] Streaming discord_voice@1 to /home/kamilyousuf/.config/discord/0.0.53/modules/pending/discord_voice-1.zip: 64%
2024-05-17T20:07:19.057Z [Modules] Streaming discord_voice@1 to /home/kamilyousuf/.config/discord/0.0.53/modules/pending/discord_voice-1.zip: 65%
2024-05-17T20:07:19.090Z [Modules] Streaming discord_voice@1 to /home/kamilyousuf/.config/discord/0.0.53/modules/pending/discord_voice-1.zip: 66%
2024-05-17T20:07:19.126Z [Modules] Streaming discord_voice@1 to /home/kamilyousuf/.config/discord/0.0.53/modules/pending/discord_voice-1.zip: 67%
2024-05-17T20:07:19.214Z [Modules] Streaming discord_voice@1 to /home/kamilyousuf/.config/discord/0.0.53/modules/pending/discord_voice-1.zip: 68%
2024-05-17T20:07:19.287Z [Modules] Streaming discord_voice@1 to /home/kamilyousuf/.config/discord/0.0.53/modules/pending/discord_voice-1.zip: 69%
2024-05-17T20:07:19.306Z [Modules] Streaming discord_voice@1 to /home/kamilyousuf/.config/discord/0.0.53/modules/pending/discord_voice-1.zip: 70%
2024-05-17T20:07:19.308Z [Modules] Streaming discord_voice@1 to /home/kamilyousuf/.config/discord/0.0.53/modules/pending/discord_voice-1.zip: 71%
2024-05-17T20:07:19.327Z [Modules] Streaming discord_voice@1 to /home/kamilyousuf/.config/discord/0.0.53/modules/pending/discord_voice-1.zip: 72%
2024-05-17T20:07:19.337Z [Modules] Streaming discord_voice@1 to /home/kamilyousuf/.config/discord/0.0.53/modules/pending/discord_voice-1.zip: 73%
2024-05-17T20:07:19.372Z [Modules] Streaming discord_voice@1 to /home/kamilyousuf/.config/discord/0.0.53/modules/pending/discord_voice-1.zip: 74%
2024-05-17T20:07:19.405Z [Modules] Streaming discord_voice@1 to /home/kamilyousuf/.config/discord/0.0.53/modules/pending/discord_voice-1.zip: 75%
2024-05-17T20:07:19.448Z [Modules] Streaming discord_voice@1 to /home/kamilyousuf/.config/discord/0.0.53/modules/pending/discord_voice-1.zip: 76%
2024-05-17T20:07:19.515Z [Modules] Streaming discord_voice@1 to /home/kamilyousuf/.config/discord/0.0.53/modules/pending/discord_voice-1.zip: 77%
2024-05-17T20:07:19.548Z [Modules] Streaming discord_voice@1 to /home/kamilyousuf/.config/discord/0.0.53/modules/pending/discord_voice-1.zip: 78%
2024-05-17T20:07:19.550Z [Modules] Streaming discord_voice@1 to /home/kamilyousuf/.config/discord/0.0.53/modules/pending/discord_voice-1.zip: 79%
2024-05-17T20:07:19.589Z [Modules] Streaming discord_voice@1 to /home/kamilyousuf/.config/discord/0.0.53/modules/pending/discord_voice-1.zip: 80%
2024-05-17T20:07:19.612Z [Modules] Streaming discord_voice@1 to /home/kamilyousuf/.config/discord/0.0.53/modules/pending/discord_voice-1.zip: 81%
2024-05-17T20:07:19.677Z [Modules] Streaming discord_voice@1 to /home/kamilyousuf/.config/discord/0.0.53/modules/pending/discord_voice-1.zip: 82%
2024-05-17T20:07:19.683Z [Modules] Streaming discord_voice@1 to /home/kamilyousuf/.config/discord/0.0.53/modules/pending/discord_voice-1.zip: 83%
2024-05-17T20:07:19.718Z [Modules] Streaming discord_voice@1 to /home/kamilyousuf/.config/discord/0.0.53/modules/pending/discord_voice-1.zip: 84%
2024-05-17T20:07:19.802Z [Modules] Streaming discord_voice@1 to /home/kamilyousuf/.config/discord/0.0.53/modules/pending/discord_voice-1.zip: 85%
2024-05-17T20:07:19.827Z [Modules] Streaming discord_voice@1 to /home/kamilyousuf/.config/discord/0.0.53/modules/pending/discord_voice-1.zip: 86%
2024-05-17T20:07:19.847Z [Modules] Streaming discord_voice@1 to /home/kamilyousuf/.config/discord/0.0.53/modules/pending/discord_voice-1.zip: 87%
2024-05-17T20:07:19.857Z [Modules] Streaming discord_voice@1 to /home/kamilyousuf/.config/discord/0.0.53/modules/pending/discord_voice-1.zip: 88%
2024-05-17T20:07:19.943Z [Modules] Streaming discord_voice@1 to /home/kamilyousuf/.config/discord/0.0.53/modules/pending/discord_voice-1.zip: 89%
2024-05-17T20:07:19.965Z [Modules] Streaming discord_voice@1 to /home/kamilyousuf/.config/discord/0.0.53/modules/pending/discord_voice-1.zip: 90%
2024-05-17T20:07:19.988Z [Modules] Streaming discord_voice@1 to /home/kamilyousuf/.config/discord/0.0.53/modules/pending/discord_voice-1.zip: 91%
2024-05-17T20:07:19.996Z [Modules] Streaming discord_voice@1 to /home/kamilyousuf/.config/discord/0.0.53/modules/pending/discord_voice-1.zip: 92%
2024-05-17T20:07:20.092Z [Modules] Streaming discord_voice@1 to /home/kamilyousuf/.config/discord/0.0.53/modules/pending/discord_voice-1.zip: 93%
2024-05-17T20:07:20.126Z [Modules] Streaming discord_voice@1 to /home/kamilyousuf/.config/discord/0.0.53/modules/pending/discord_voice-1.zip: 94%
2024-05-17T20:07:20.130Z [Modules] Streaming discord_voice@1 to /home/kamilyousuf/.config/discord/0.0.53/modules/pending/discord_voice-1.zip: 95%
2024-05-17T20:07:20.187Z [Modules] Streaming discord_voice@1 to /home/kamilyousuf/.config/discord/0.0.53/modules/pending/discord_voice-1.zip: 96%
2024-05-17T20:07:20.237Z [Modules] Streaming discord_voice@1 to /home/kamilyousuf/.config/discord/0.0.53/modules/pending/discord_voice-1.zip: 97%
2024-05-17T20:07:20.300Z [Modules] Streaming discord_voice@1 to /home/kamilyousuf/.config/discord/0.0.53/modules/pending/discord_voice-1.zip: 98%
2024-05-17T20:07:20.335Z [Modules] Streaming discord_voice@1 to /home/kamilyousuf/.config/discord/0.0.53/modules/pending/discord_voice-1.zip: 99%
2024-05-17T20:07:20.336Z [Modules] Streaming discord_voice@1 to /home/kamilyousuf/.config/discord/0.0.53/modules/pending/discord_voice-1.zip: 100%
2024-05-17T20:07:20.339Z [Modules] Fetching discord_zstd@1 from https://discord.com/api/modules/stable/discord_zstd/1
2024-05-17T20:07:20.340Z [Modules] Streaming discord_zstd@1 to /home/kamilyousuf/.config/discord/0.0.53/modules/pending/discord_zstd-1.zip
2024-05-17T20:07:27.030Z [Modules] Streaming discord_zstd@1 to /home/kamilyousuf/.config/discord/0.0.53/modules/pending/discord_zstd-1.zip: 2%
2024-05-17T20:07:27.034Z [Modules] Streaming discord_zstd@1 to /home/kamilyousuf/.config/discord/0.0.53/modules/pending/discord_zstd-1.zip: 3%
2024-05-17T20:07:27.035Z [Modules] Streaming discord_zstd@1 to /home/kamilyousuf/.config/discord/0.0.53/modules/pending/discord_zstd-1.zip: 5%
2024-05-17T20:07:27.042Z [Modules] Streaming discord_zstd@1 to /home/kamilyousuf/.config/discord/0.0.53/modules/pending/discord_zstd-1.zip: 6%
2024-05-17T20:07:27.045Z [Modules] Streaming discord_zstd@1 to /home/kamilyousuf/.config/discord/0.0.53/modules/pending/discord_zstd-1.zip: 7%
2024-05-17T20:07:27.048Z [Modules] Streaming discord_zstd@1 to /home/kamilyousuf/.config/discord/0.0.53/modules/pending/discord_zstd-1.zip: 8%
2024-05-17T20:07:27.059Z [Modules] Streaming discord_zstd@1 to /home/kamilyousuf/.config/discord/0.0.53/modules/pending/discord_zstd-1.zip: 12%
2024-05-17T20:07:27.067Z [Modules] Streaming discord_zstd@1 to /home/kamilyousuf/.config/discord/0.0.53/modules/pending/discord_zstd-1.zip: 17%
2024-05-17T20:07:27.068Z [Modules] Streaming discord_zstd@1 to /home/kamilyousuf/.config/discord/0.0.53/modules/pending/discord_zstd-1.zip: 19%
2024-05-17T20:07:27.072Z [Modules] Streaming discord_zstd@1 to /home/kamilyousuf/.config/discord/0.0.53/modules/pending/discord_zstd-1.zip: 22%
2024-05-17T20:07:27.076Z [Modules] Streaming discord_zstd@1 to /home/kamilyousuf/.config/discord/0.0.53/modules/pending/discord_zstd-1.zip: 27%
2024-05-17T20:07:27.080Z [Modules] Streaming discord_zstd@1 to /home/kamilyousuf/.config/discord/0.0.53/modules/pending/discord_zstd-1.zip: 29%
2024-05-17T20:07:27.084Z [Modules] Streaming discord_zstd@1 to /home/kamilyousuf/.config/discord/0.0.53/modules/pending/discord_zstd-1.zip: 31%
2024-05-17T20:07:27.087Z [Modules] Streaming discord_zstd@1 to /home/kamilyousuf/.config/discord/0.0.53/modules/pending/discord_zstd-1.zip: 32%
2024-05-17T20:07:27.091Z [Modules] Streaming discord_zstd@1 to /home/kamilyousuf/.config/discord/0.0.53/modules/pending/discord_zstd-1.zip: 34%
2024-05-17T20:07:27.095Z [Modules] Streaming discord_zstd@1 to /home/kamilyousuf/.config/discord/0.0.53/modules/pending/discord_zstd-1.zip: 36%
2024-05-17T20:07:27.099Z [Modules] Streaming discord_zstd@1 to /home/kamilyousuf/.config/discord/0.0.53/modules/pending/discord_zstd-1.zip: 38%
2024-05-17T20:07:27.102Z [Modules] Streaming discord_zstd@1 to /home/kamilyousuf/.config/discord/0.0.53/modules/pending/discord_zstd-1.zip: 39%
2024-05-17T20:07:27.106Z [Modules] Streaming discord_zstd@1 to /home/kamilyousuf/.config/discord/0.0.53/modules/pending/discord_zstd-1.zip: 41%
2024-05-17T20:07:27.108Z [Modules] Streaming discord_zstd@1 to /home/kamilyousuf/.config/discord/0.0.53/modules/pending/discord_zstd-1.zip: 43%
2024-05-17T20:07:27.112Z [Modules] Streaming discord_zstd@1 to /home/kamilyousuf/.config/discord/0.0.53/modules/pending/discord_zstd-1.zip: 44%
2024-05-17T20:07:27.113Z [Modules] Streaming discord_zstd@1 to /home/kamilyousuf/.config/discord/0.0.53/modules/pending/discord_zstd-1.zip: 45%
2024-05-17T20:07:27.119Z [Modules] Streaming discord_zstd@1 to /home/kamilyousuf/.config/discord/0.0.53/modules/pending/discord_zstd-1.zip: 48%
2024-05-17T20:07:27.128Z [Modules] Streaming discord_zstd@1 to /home/kamilyousuf/.config/discord/0.0.53/modules/pending/discord_zstd-1.zip: 52%
2024-05-17T20:07:27.137Z [Modules] Streaming discord_zstd@1 to /home/kamilyousuf/.config/discord/0.0.53/modules/pending/discord_zstd-1.zip: 53%
2024-05-17T20:07:27.139Z [Modules] Streaming discord_zstd@1 to /home/kamilyousuf/.config/discord/0.0.53/modules/pending/discord_zstd-1.zip: 58%
2024-05-17T20:07:27.151Z [Modules] Streaming discord_zstd@1 to /home/kamilyousuf/.config/discord/0.0.53/modules/pending/discord_zstd-1.zip: 62%
2024-05-17T20:07:27.156Z [Modules] Streaming discord_zstd@1 to /home/kamilyousuf/.config/discord/0.0.53/modules/pending/discord_zstd-1.zip: 63%
2024-05-17T20:07:27.162Z [Modules] Streaming discord_zstd@1 to /home/kamilyousuf/.config/discord/0.0.53/modules/pending/discord_zstd-1.zip: 68%
2024-05-17T20:07:27.169Z [Modules] Streaming discord_zstd@1 to /home/kamilyousuf/.config/discord/0.0.53/modules/pending/discord_zstd-1.zip: 72%
2024-05-17T20:07:27.171Z [Modules] Streaming discord_zstd@1 to /home/kamilyousuf/.config/discord/0.0.53/modules/pending/discord_zstd-1.zip: 73%
2024-05-17T20:07:27.213Z [Modules] Streaming discord_zstd@1 to /home/kamilyousuf/.config/discord/0.0.53/modules/pending/discord_zstd-1.zip: 78%
2024-05-17T20:07:27.217Z [Modules] Streaming discord_zstd@1 to /home/kamilyousuf/.config/discord/0.0.53/modules/pending/discord_zstd-1.zip: 80%
2024-05-17T20:07:27.221Z [Modules] Streaming discord_zstd@1 to /home/kamilyousuf/.config/discord/0.0.53/modules/pending/discord_zstd-1.zip: 82%
2024-05-17T20:07:27.224Z [Modules] Streaming discord_zstd@1 to /home/kamilyousuf/.config/discord/0.0.53/modules/pending/discord_zstd-1.zip: 85%
2024-05-17T20:07:27.227Z [Modules] Streaming discord_zstd@1 to /home/kamilyousuf/.config/discord/0.0.53/modules/pending/discord_zstd-1.zip: 87%
2024-05-17T20:07:27.236Z [Modules] Streaming discord_zstd@1 to /home/kamilyousuf/.config/discord/0.0.53/modules/pending/discord_zstd-1.zip: 91%
2024-05-17T20:07:27.238Z [Modules] Streaming discord_zstd@1 to /home/kamilyousuf/.config/discord/0.0.53/modules/pending/discord_zstd-1.zip: 93%
2024-05-17T20:07:27.249Z [Modules] Streaming discord_zstd@1 to /home/kamilyousuf/.config/discord/0.0.53/modules/pending/discord_zstd-1.zip: 98%
2024-05-17T20:07:27.250Z [Modules] Streaming discord_zstd@1 to /home/kamilyousuf/.config/discord/0.0.53/modules/pending/discord_zstd-1.zip: 100%
2024-05-17T20:07:27.253Z [Modules] Finished module downloads. [success: 6] [failure: 0]
2024-05-17T20:07:27.254Z [Modules] Installing updates...
2024-05-17T20:07:27.254Z [Modules] Installing discord_desktop_core@1 from /home/kamilyousuf/.config/discord/0.0.53/modules/pending/discord_desktop_core-1.zip
2024-05-17T20:07:27.454Z [Modules] Installing discord_erlpack@1 from /home/kamilyousuf/.config/discord/0.0.53/modules/pending/discord_erlpack-1.zip
2024-05-17T20:07:27.580Z [Modules] Installing discord_spellcheck@1 from /home/kamilyousuf/.config/discord/0.0.53/modules/pending/discord_spellcheck-1.zip
2024-05-17T20:07:29.350Z [Modules] Installing discord_utils@1 from /home/kamilyousuf/.config/discord/0.0.53/modules/pending/discord_utils-1.zip
2024-05-17T20:07:29.694Z [Modules] Installing discord_voice@1 from /home/kamilyousuf/.config/discord/0.0.53/modules/pending/discord_voice-1.zip
2024-05-17T20:07:31.025Z [Modules] Installing discord_zstd@1 from /home/kamilyousuf/.config/discord/0.0.53/modules/pending/discord_zstd-1.zip
2024-05-17T20:07:31.117Z [Modules] Finished module installations. [success: 6] [failure: 0]
2024-05-17T20:07:31.117Z [Modules] Host is up to date.
2024-05-17T20:07:31.118Z [Modules] Checking for module updates at https://discord.com/api/modules/stable/versions.json
2024-05-17T20:07:31.127Z [Modules] No module updates available.
2024-05-17T20:07:33.859Z [Modules] Starting to install discord_krisp...
2024-05-17T20:07:33.860Z [Modules] Fetching discord_krisp@1 from https://discord.com/api/modules/stable/discord_krisp/1
2024-05-17T20:07:33.861Z [Modules] Streaming discord_krisp@1 to /home/kamilyousuf/.config/discord/0.0.53/modules/pending/discord_krisp-1.zip
2024-05-17T20:07:33.874Z [Modules] Starting to install discord_game_utils...
2024-05-17T20:07:34.054Z [Modules] Streaming discord_krisp@1 to /home/kamilyousuf/.config/discord/0.0.53/modules/pending/discord_krisp-1.zip: 1%
2024-05-17T20:07:34.133Z [Modules] Streaming discord_krisp@1 to /home/kamilyousuf/.config/discord/0.0.53/modules/pending/discord_krisp-1.zip: 2%
2024-05-17T20:07:34.145Z [Modules] Streaming discord_krisp@1 to /home/kamilyousuf/.config/discord/0.0.53/modules/pending/discord_krisp-1.zip: 3%
2024-05-17T20:07:34.162Z [Modules] Streaming discord_krisp@1 to /home/kamilyousuf/.config/discord/0.0.53/modules/pending/discord_krisp-1.zip: 4%
2024-05-17T20:07:34.192Z [Modules] Streaming discord_krisp@1 to /home/kamilyousuf/.config/discord/0.0.53/modules/pending/discord_krisp-1.zip: 5%
2024-05-17T20:07:34.275Z [Modules] Streaming discord_krisp@1 to /home/kamilyousuf/.config/discord/0.0.53/modules/pending/discord_krisp-1.zip: 6%
2024-05-17T20:07:34.307Z [Modules] Streaming discord_krisp@1 to /home/kamilyousuf/.config/discord/0.0.53/modules/pending/discord_krisp-1.zip: 7%
2024-05-17T20:07:34.326Z [Modules] Streaming discord_krisp@1 to /home/kamilyousuf/.config/discord/0.0.53/modules/pending/discord_krisp-1.zip: 8%
2024-05-17T20:07:34.466Z [Modules] Streaming discord_krisp@1 to /home/kamilyousuf/.config/discord/0.0.53/modules/pending/discord_krisp-1.zip: 9%
2024-05-17T20:07:34.484Z [Modules] Streaming discord_krisp@1 to /home/kamilyousuf/.config/discord/0.0.53/modules/pending/discord_krisp-1.zip: 10%
2024-05-17T20:07:34.579Z [Modules] Streaming discord_krisp@1 to /home/kamilyousuf/.config/discord/0.0.53/modules/pending/discord_krisp-1.zip: 11%
2024-05-17T20:07:34.580Z [Modules] Streaming discord_krisp@1 to /home/kamilyousuf/.config/discord/0.0.53/modules/pending/discord_krisp-1.zip: 12%
2024-05-17T20:07:34.661Z [Modules] Streaming discord_krisp@1 to /home/kamilyousuf/.config/discord/0.0.53/modules/pending/discord_krisp-1.zip: 13%
2024-05-17T20:07:34.704Z [Modules] Streaming discord_krisp@1 to /home/kamilyousuf/.config/discord/0.0.53/modules/pending/discord_krisp-1.zip: 14%
2024-05-17T20:07:34.717Z [Modules] Streaming discord_krisp@1 to /home/kamilyousuf/.config/discord/0.0.53/modules/pending/discord_krisp-1.zip: 15%
2024-05-17T20:07:34.719Z [Modules] Streaming discord_krisp@1 to /home/kamilyousuf/.config/discord/0.0.53/modules/pending/discord_krisp-1.zip: 16%
2024-05-17T20:07:34.721Z [Modules] Streaming discord_krisp@1 to /home/kamilyousuf/.config/discord/0.0.53/modules/pending/discord_krisp-1.zip: 17%
2024-05-17T20:07:34.724Z [Modules] Streaming discord_krisp@1 to /home/kamilyousuf/.config/discord/0.0.53/modules/pending/discord_krisp-1.zip: 18%
2024-05-17T20:07:34.800Z [Modules] Streaming discord_krisp@1 to /home/kamilyousuf/.config/discord/0.0.53/modules/pending/discord_krisp-1.zip: 19%
2024-05-17T20:07:34.932Z [Modules] Streaming discord_krisp@1 to /home/kamilyousuf/.config/discord/0.0.53/modules/pending/discord_krisp-1.zip: 20%
2024-05-17T20:07:34.996Z [Modules] Streaming discord_krisp@1 to /home/kamilyousuf/.config/discord/0.0.53/modules/pending/discord_krisp-1.zip: 21%
2024-05-17T20:07:34.998Z [Modules] Streaming discord_krisp@1 to /home/kamilyousuf/.config/discord/0.0.53/modules/pending/discord_krisp-1.zip: 22%
2024-05-17T20:07:35.000Z [Modules] Streaming discord_krisp@1 to /home/kamilyousuf/.config/discord/0.0.53/modules/pending/discord_krisp-1.zip: 23%
2024-05-17T20:07:35.038Z [Modules] Streaming discord_krisp@1 to /home/kamilyousuf/.config/discord/0.0.53/modules/pending/discord_krisp-1.zip: 24%
2024-05-17T20:07:35.089Z [Modules] Streaming discord_krisp@1 to /home/kamilyousuf/.config/discord/0.0.53/modules/pending/discord_krisp-1.zip: 25%
2024-05-17T20:07:35.093Z [Modules] Streaming discord_krisp@1 to /home/kamilyousuf/.config/discord/0.0.53/modules/pending/discord_krisp-1.zip: 26%
2024-05-17T20:07:35.101Z [Modules] Streaming discord_krisp@1 to /home/kamilyousuf/.config/discord/0.0.53/modules/pending/discord_krisp-1.zip: 27%
2024-05-17T20:07:35.107Z [Modules] Streaming discord_krisp@1 to /home/kamilyousuf/.config/discord/0.0.53/modules/pending/discord_krisp-1.zip: 28%
2024-05-17T20:07:35.175Z [Modules] Streaming discord_krisp@1 to /home/kamilyousuf/.config/discord/0.0.53/modules/pending/discord_krisp-1.zip: 29%
2024-05-17T20:07:35.206Z [Modules] Streaming discord_krisp@1 to /home/kamilyousuf/.config/discord/0.0.53/modules/pending/discord_krisp-1.zip: 30%
2024-05-17T20:07:35.252Z [Modules] Streaming discord_krisp@1 to /home/kamilyousuf/.config/discord/0.0.53/modules/pending/discord_krisp-1.zip: 31%
2024-05-17T20:07:35.287Z [Modules] Streaming discord_krisp@1 to /home/kamilyousuf/.config/discord/0.0.53/modules/pending/discord_krisp-1.zip: 32%
2024-05-17T20:07:35.329Z [Modules] Streaming discord_krisp@1 to /home/kamilyousuf/.config/discord/0.0.53/modules/pending/discord_krisp-1.zip: 33%
2024-05-17T20:07:35.354Z [Modules] Streaming discord_krisp@1 to /home/kamilyousuf/.config/discord/0.0.53/modules/pending/discord_krisp-1.zip: 34%
2024-05-17T20:07:35.385Z [Modules] Streaming discord_krisp@1 to /home/kamilyousuf/.config/discord/0.0.53/modules/pending/discord_krisp-1.zip: 35%
2024-05-17T20:07:35.461Z [Modules] Streaming discord_krisp@1 to /home/kamilyousuf/.config/discord/0.0.53/modules/pending/discord_krisp-1.zip: 36%
2024-05-17T20:07:35.464Z [Modules] Streaming discord_krisp@1 to /home/kamilyousuf/.config/discord/0.0.53/modules/pending/discord_krisp-1.zip: 37%
2024-05-17T20:07:35.475Z [Modules] Streaming discord_krisp@1 to /home/kamilyousuf/.config/discord/0.0.53/modules/pending/discord_krisp-1.zip: 38%
2024-05-17T20:07:35.511Z [Modules] Streaming discord_krisp@1 to /home/kamilyousuf/.config/discord/0.0.53/modules/pending/discord_krisp-1.zip: 39%
2024-05-17T20:07:35.636Z [Modules] Streaming discord_krisp@1 to /home/kamilyousuf/.config/discord/0.0.53/modules/pending/discord_krisp-1.zip: 40%
2024-05-17T20:07:35.675Z [Modules] Streaming discord_krisp@1 to /home/kamilyousuf/.config/discord/0.0.53/modules/pending/discord_krisp-1.zip: 41%
2024-05-17T20:07:35.733Z [Modules] Streaming discord_krisp@1 to /home/kamilyousuf/.config/discord/0.0.53/modules/pending/discord_krisp-1.zip: 42%
2024-05-17T20:07:35.735Z [Modules] Streaming discord_krisp@1 to /home/kamilyousuf/.config/discord/0.0.53/modules/pending/discord_krisp-1.zip: 43%
2024-05-17T20:07:35.736Z [Modules] Streaming discord_krisp@1 to /home/kamilyousuf/.config/discord/0.0.53/modules/pending/discord_krisp-1.zip: 44%
2024-05-17T20:07:35.749Z [Modules] Streaming discord_krisp@1 to /home/kamilyousuf/.config/discord/0.0.53/modules/pending/discord_krisp-1.zip: 45%
2024-05-17T20:07:35.761Z [Modules] Streaming discord_krisp@1 to /home/kamilyousuf/.config/discord/0.0.53/modules/pending/discord_krisp-1.zip: 46%
2024-05-17T20:07:35.796Z [Modules] Streaming discord_krisp@1 to /home/kamilyousuf/.config/discord/0.0.53/modules/pending/discord_krisp-1.zip: 47%
2024-05-17T20:07:35.900Z [Modules] Streaming discord_krisp@1 to /home/kamilyousuf/.config/discord/0.0.53/modules/pending/discord_krisp-1.zip: 48%
2024-05-17T20:07:35.901Z [Modules] Streaming discord_krisp@1 to /home/kamilyousuf/.config/discord/0.0.53/modules/pending/discord_krisp-1.zip: 49%
2024-05-17T20:07:35.903Z [Modules] Streaming discord_krisp@1 to /home/kamilyousuf/.config/discord/0.0.53/modules/pending/discord_krisp-1.zip: 50%
2024-05-17T20:07:35.941Z [Modules] Streaming discord_krisp@1 to /home/kamilyousuf/.config/discord/0.0.53/modules/pending/discord_krisp-1.zip: 51%
2024-05-17T20:07:36.019Z [Modules] Streaming discord_krisp@1 to /home/kamilyousuf/.config/discord/0.0.53/modules/pending/discord_krisp-1.zip: 52%
2024-05-17T20:07:36.046Z [Modules] Streaming discord_krisp@1 to /home/kamilyousuf/.config/discord/0.0.53/modules/pending/discord_krisp-1.zip: 53%
2024-05-17T20:07:36.052Z [Modules] Streaming discord_krisp@1 to /home/kamilyousuf/.config/discord/0.0.53/modules/pending/discord_krisp-1.zip: 54%
2024-05-17T20:07:36.079Z [Modules] Streaming discord_krisp@1 to /home/kamilyousuf/.config/discord/0.0.53/modules/pending/discord_krisp-1.zip: 55%
2024-05-17T20:07:36.115Z [Modules] Streaming discord_krisp@1 to /home/kamilyousuf/.config/discord/0.0.53/modules/pending/discord_krisp-1.zip: 56%
2024-05-17T20:07:36.148Z [Modules] Streaming discord_krisp@1 to /home/kamilyousuf/.config/discord/0.0.53/modules/pending/discord_krisp-1.zip: 57%
2024-05-17T20:07:36.230Z [Modules] Streaming discord_krisp@1 to /home/kamilyousuf/.config/discord/0.0.53/modules/pending/discord_krisp-1.zip: 58%
2024-05-17T20:07:36.263Z [Modules] Streaming discord_krisp@1 to /home/kamilyousuf/.config/discord/0.0.53/modules/pending/discord_krisp-1.zip: 59%
2024-05-17T20:07:36.334Z [Modules] Streaming discord_krisp@1 to /home/kamilyousuf/.config/discord/0.0.53/modules/pending/discord_krisp-1.zip: 60%
2024-05-17T20:07:36.356Z [Modules] Streaming discord_krisp@1 to /home/kamilyousuf/.config/discord/0.0.53/modules/pending/discord_krisp-1.zip: 61%
2024-05-17T20:07:36.358Z [Modules] Streaming discord_krisp@1 to /home/kamilyousuf/.config/discord/0.0.53/modules/pending/discord_krisp-1.zip: 62%
2024-05-17T20:07:36.363Z [Modules] Streaming discord_krisp@1 to /home/kamilyousuf/.config/discord/0.0.53/modules/pending/discord_krisp-1.zip: 63%
2024-05-17T20:07:36.396Z [Modules] Streaming discord_krisp@1 to /home/kamilyousuf/.config/discord/0.0.53/modules/pending/discord_krisp-1.zip: 64%
2024-05-17T20:07:36.426Z [Modules] Streaming discord_krisp@1 to /home/kamilyousuf/.config/discord/0.0.53/modules/pending/discord_krisp-1.zip: 65%
2024-05-17T20:07:36.511Z [Modules] Streaming discord_krisp@1 to /home/kamilyousuf/.config/discord/0.0.53/modules/pending/discord_krisp-1.zip: 66%
2024-05-17T20:07:36.537Z [Modules] Streaming discord_krisp@1 to /home/kamilyousuf/.config/discord/0.0.53/modules/pending/discord_krisp-1.zip: 67%
2024-05-17T20:07:36.559Z [Modules] Streaming discord_krisp@1 to /home/kamilyousuf/.config/discord/0.0.53/modules/pending/discord_krisp-1.zip: 68%
2024-05-17T20:07:36.569Z [Modules] Streaming discord_krisp@1 to /home/kamilyousuf/.config/discord/0.0.53/modules/pending/discord_krisp-1.zip: 69%
2024-05-17T20:07:36.641Z [Modules] Streaming discord_krisp@1 to /home/kamilyousuf/.config/discord/0.0.53/modules/pending/discord_krisp-1.zip: 70%
2024-05-17T20:07:36.669Z [Modules] Streaming discord_krisp@1 to /home/kamilyousuf/.config/discord/0.0.53/modules/pending/discord_krisp-1.zip: 71%
2024-05-17T20:07:36.675Z [Modules] Streaming discord_krisp@1 to /home/kamilyousuf/.config/discord/0.0.53/modules/pending/discord_krisp-1.zip: 72%
2024-05-17T20:07:36.702Z [Modules] Streaming discord_krisp@1 to /home/kamilyousuf/.config/discord/0.0.53/modules/pending/discord_krisp-1.zip: 73%
2024-05-17T20:07:36.736Z [Modules] Streaming discord_krisp@1 to /home/kamilyousuf/.config/discord/0.0.53/modules/pending/discord_krisp-1.zip: 74%
2024-05-17T20:07:36.820Z [Modules] Streaming discord_krisp@1 to /home/kamilyousuf/.config/discord/0.0.53/modules/pending/discord_krisp-1.zip: 75%
2024-05-17T20:07:36.878Z [Modules] Streaming discord_krisp@1 to /home/kamilyousuf/.config/discord/0.0.53/modules/pending/discord_krisp-1.zip: 76%
2024-05-17T20:07:36.879Z [Modules] Streaming discord_krisp@1 to /home/kamilyousuf/.config/discord/0.0.53/modules/pending/discord_krisp-1.zip: 77%
2024-05-17T20:07:36.880Z [Modules] Streaming discord_krisp@1 to /home/kamilyousuf/.config/discord/0.0.53/modules/pending/discord_krisp-1.zip: 78%
2024-05-17T20:07:36.955Z [Modules] Streaming discord_krisp@1 to /home/kamilyousuf/.config/discord/0.0.53/modules/pending/discord_krisp-1.zip: 79%
2024-05-17T20:07:36.978Z [Modules] Streaming discord_krisp@1 to /home/kamilyousuf/.config/discord/0.0.53/modules/pending/discord_krisp-1.zip: 80%
2024-05-17T20:07:36.979Z [Modules] Streaming discord_krisp@1 to /home/kamilyousuf/.config/discord/0.0.53/modules/pending/discord_krisp-1.zip: 81%
2024-05-17T20:07:37.015Z [Modules] Streaming discord_krisp@1 to /home/kamilyousuf/.config/discord/0.0.53/modules/pending/discord_krisp-1.zip: 82%
2024-05-17T20:07:37.101Z [Modules] Streaming discord_krisp@1 to /home/kamilyousuf/.config/discord/0.0.53/modules/pending/discord_krisp-1.zip: 83%
2024-05-17T20:07:37.131Z [Modules] Streaming discord_krisp@1 to /home/kamilyousuf/.config/discord/0.0.53/modules/pending/discord_krisp-1.zip: 84%
2024-05-17T20:07:37.134Z [Modules] Streaming discord_krisp@1 to /home/kamilyousuf/.config/discord/0.0.53/modules/pending/discord_krisp-1.zip: 85%
2024-05-17T20:07:37.157Z [Modules] Streaming discord_krisp@1 to /home/kamilyousuf/.config/discord/0.0.53/modules/pending/discord_krisp-1.zip: 86%
2024-05-17T20:07:37.298Z [Modules] Streaming discord_krisp@1 to /home/kamilyousuf/.config/discord/0.0.53/modules/pending/discord_krisp-1.zip: 87%
2024-05-17T20:07:37.337Z [Modules] Streaming discord_krisp@1 to /home/kamilyousuf/.config/discord/0.0.53/modules/pending/discord_krisp-1.zip: 88%
2024-05-17T20:07:37.530Z [Modules] Streaming discord_krisp@1 to /home/kamilyousuf/.config/discord/0.0.53/modules/pending/discord_krisp-1.zip: 89%
2024-05-17T20:07:37.559Z [Modules] Streaming discord_krisp@1 to /home/kamilyousuf/.config/discord/0.0.53/modules/pending/discord_krisp-1.zip: 90%
2024-05-17T20:07:37.634Z [Modules] Streaming discord_krisp@1 to /home/kamilyousuf/.config/discord/0.0.53/modules/pending/discord_krisp-1.zip: 91%
2024-05-17T20:07:37.635Z [Modules] Streaming discord_krisp@1 to /home/kamilyousuf/.config/discord/0.0.53/modules/pending/discord_krisp-1.zip: 92%
2024-05-17T20:07:37.663Z [Modules] Streaming discord_krisp@1 to /home/kamilyousuf/.config/discord/0.0.53/modules/pending/discord_krisp-1.zip: 93%
2024-05-17T20:07:37.697Z [Modules] Streaming discord_krisp@1 to /home/kamilyousuf/.config/discord/0.0.53/modules/pending/discord_krisp-1.zip: 94%
2024-05-17T20:07:37.732Z [Modules] Streaming discord_krisp@1 to /home/kamilyousuf/.config/discord/0.0.53/modules/pending/discord_krisp-1.zip: 95%
2024-05-17T20:07:37.769Z [Modules] Streaming discord_krisp@1 to /home/kamilyousuf/.config/discord/0.0.53/modules/pending/discord_krisp-1.zip: 96%
2024-05-17T20:07:37.845Z [Modules] Streaming discord_krisp@1 to /home/kamilyousuf/.config/discord/0.0.53/modules/pending/discord_krisp-1.zip: 97%
2024-05-17T20:07:37.877Z [Modules] Streaming discord_krisp@1 to /home/kamilyousuf/.config/discord/0.0.53/modules/pending/discord_krisp-1.zip: 98%
2024-05-17T20:07:37.897Z [Modules] Streaming discord_krisp@1 to /home/kamilyousuf/.config/discord/0.0.53/modules/pending/discord_krisp-1.zip: 99%
2024-05-17T20:07:37.906Z [Modules] Streaming discord_krisp@1 to /home/kamilyousuf/.config/discord/0.0.53/modules/pending/discord_krisp-1.zip: 100%
2024-05-17T20:07:37.908Z [Modules] Fetching discord_game_utils@1 from https://discord.com/api/modules/stable/discord_game_utils/1
2024-05-17T20:07:37.908Z [Modules] Streaming discord_game_utils@1 to /home/kamilyousuf/.config/discord/0.0.53/modules/pending/discord_game_utils-1.zip
2024-05-17T20:07:37.909Z [Modules] Installing discord_krisp@1 from /home/kamilyousuf/.config/discord/0.0.53/modules/pending/discord_krisp-1.zip
2024-05-17T20:07:38.075Z [Modules] Streaming discord_game_utils@1 to /home/kamilyousuf/.config/discord/0.0.53/modules/pending/discord_game_utils-1.zip: 1%
2024-05-17T20:07:38.080Z [Modules] Streaming discord_game_utils@1 to /home/kamilyousuf/.config/discord/0.0.53/modules/pending/discord_game_utils-1.zip: 2%
2024-05-17T20:07:38.082Z [Modules] Streaming discord_game_utils@1 to /home/kamilyousuf/.config/discord/0.0.53/modules/pending/discord_game_utils-1.zip: 3%
2024-05-17T20:07:38.089Z [Modules] Streaming discord_game_utils@1 to /home/kamilyousuf/.config/discord/0.0.53/modules/pending/discord_game_utils-1.zip: 4%
2024-05-17T20:07:38.090Z [Modules] Streaming discord_game_utils@1 to /home/kamilyousuf/.config/discord/0.0.53/modules/pending/discord_game_utils-1.zip: 5%
2024-05-17T20:07:38.094Z [Modules] Streaming discord_game_utils@1 to /home/kamilyousuf/.config/discord/0.0.53/modules/pending/discord_game_utils-1.zip: 6%
2024-05-17T20:07:38.104Z [Modules] Streaming discord_game_utils@1 to /home/kamilyousuf/.config/discord/0.0.53/modules/pending/discord_game_utils-1.zip: 7%
2024-05-17T20:07:38.106Z [Modules] Streaming discord_game_utils@1 to /home/kamilyousuf/.config/discord/0.0.53/modules/pending/discord_game_utils-1.zip: 8%
2024-05-17T20:07:38.109Z [Modules] Streaming discord_game_utils@1 to /home/kamilyousuf/.config/discord/0.0.53/modules/pending/discord_game_utils-1.zip: 9%
2024-05-17T20:07:38.110Z [Modules] Streaming discord_game_utils@1 to /home/kamilyousuf/.config/discord/0.0.53/modules/pending/discord_game_utils-1.zip: 10%
2024-05-17T20:07:38.121Z [Modules] Streaming discord_game_utils@1 to /home/kamilyousuf/.config/discord/0.0.53/modules/pending/discord_game_utils-1.zip: 11%
2024-05-17T20:07:38.128Z [Modules] Streaming discord_game_utils@1 to /home/kamilyousuf/.config/discord/0.0.53/modules/pending/discord_game_utils-1.zip: 13%
2024-05-17T20:07:38.132Z [Modules] Streaming discord_game_utils@1 to /home/kamilyousuf/.config/discord/0.0.53/modules/pending/discord_game_utils-1.zip: 14%
2024-05-17T20:07:38.136Z [Modules] Streaming discord_game_utils@1 to /home/kamilyousuf/.config/discord/0.0.53/modules/pending/discord_game_utils-1.zip: 16%
2024-05-17T20:07:38.138Z [Modules] Streaming discord_game_utils@1 to /home/kamilyousuf/.config/discord/0.0.53/modules/pending/discord_game_utils-1.zip: 17%
2024-05-17T20:07:38.145Z [Modules] Streaming discord_game_utils@1 to /home/kamilyousuf/.config/discord/0.0.53/modules/pending/discord_game_utils-1.zip: 18%
2024-05-17T20:07:38.149Z [Modules] Streaming discord_game_utils@1 to /home/kamilyousuf/.config/discord/0.0.53/modules/pending/discord_game_utils-1.zip: 19%
2024-05-17T20:07:38.151Z [Modules] Streaming discord_game_utils@1 to /home/kamilyousuf/.config/discord/0.0.53/modules/pending/discord_game_utils-1.zip: 20%
2024-05-17T20:07:38.156Z [Modules] Streaming discord_game_utils@1 to /home/kamilyousuf/.config/discord/0.0.53/modules/pending/discord_game_utils-1.zip: 21%
2024-05-17T20:07:38.161Z [Modules] Streaming discord_game_utils@1 to /home/kamilyousuf/.config/discord/0.0.53/modules/pending/discord_game_utils-1.zip: 23%
2024-05-17T20:07:38.165Z [Modules] Streaming discord_game_utils@1 to /home/kamilyousuf/.config/discord/0.0.53/modules/pending/discord_game_utils-1.zip: 24%
2024-05-17T20:07:38.170Z [Modules] Streaming discord_game_utils@1 to /home/kamilyousuf/.config/discord/0.0.53/modules/pending/discord_game_utils-1.zip: 25%
2024-05-17T20:07:38.173Z [Modules] Streaming discord_game_utils@1 to /home/kamilyousuf/.config/discord/0.0.53/modules/pending/discord_game_utils-1.zip: 26%
2024-05-17T20:07:38.178Z [Modules] Streaming discord_game_utils@1 to /home/kamilyousuf/.config/discord/0.0.53/modules/pending/discord_game_utils-1.zip: 27%
2024-05-17T20:07:38.180Z [Modules] Streaming discord_game_utils@1 to /home/kamilyousuf/.config/discord/0.0.53/modules/pending/discord_game_utils-1.zip: 28%
2024-05-17T20:07:38.186Z [Modules] Streaming discord_game_utils@1 to /home/kamilyousuf/.config/discord/0.0.53/modules/pending/discord_game_utils-1.zip: 29%
2024-05-17T20:07:38.193Z [Modules] Streaming discord_game_utils@1 to /home/kamilyousuf/.config/discord/0.0.53/modules/pending/discord_game_utils-1.zip: 30%
2024-05-17T20:07:38.196Z [Modules] Streaming discord_game_utils@1 to /home/kamilyousuf/.config/discord/0.0.53/modules/pending/discord_game_utils-1.zip: 32%
2024-05-17T20:07:38.204Z [Modules] Streaming discord_game_utils@1 to /home/kamilyousuf/.config/discord/0.0.53/modules/pending/discord_game_utils-1.zip: 34%
2024-05-17T20:07:38.212Z [Modules] Streaming discord_game_utils@1 to /home/kamilyousuf/.config/discord/0.0.53/modules/pending/discord_game_utils-1.zip: 35%
2024-05-17T20:07:38.214Z [Modules] Streaming discord_game_utils@1 to /home/kamilyousuf/.config/discord/0.0.53/modules/pending/discord_game_utils-1.zip: 36%
2024-05-17T20:07:38.219Z [Modules] Streaming discord_game_utils@1 to /home/kamilyousuf/.config/discord/0.0.53/modules/pending/discord_game_utils-1.zip: 37%
2024-05-17T20:07:38.221Z [Modules] Streaming discord_game_utils@1 to /home/kamilyousuf/.config/discord/0.0.53/modules/pending/discord_game_utils-1.zip: 38%
2024-05-17T20:07:38.224Z [Modules] Streaming discord_game_utils@1 to /home/kamilyousuf/.config/discord/0.0.53/modules/pending/discord_game_utils-1.zip: 39%
2024-05-17T20:07:38.230Z [Modules] Streaming discord_game_utils@1 to /home/kamilyousuf/.config/discord/0.0.53/modules/pending/discord_game_utils-1.zip: 41%
2024-05-17T20:07:38.236Z [Modules] Streaming discord_game_utils@1 to /home/kamilyousuf/.config/discord/0.0.53/modules/pending/discord_game_utils-1.zip: 42%
2024-05-17T20:07:38.240Z [Modules] Streaming discord_game_utils@1 to /home/kamilyousuf/.config/discord/0.0.53/modules/pending/discord_game_utils-1.zip: 43%
2024-05-17T20:07:38.244Z [Modules] Streaming discord_game_utils@1 to /home/kamilyousuf/.config/discord/0.0.53/modules/pending/discord_game_utils-1.zip: 44%
2024-05-17T20:07:38.248Z [Modules] Streaming discord_game_utils@1 to /home/kamilyousuf/.config/discord/0.0.53/modules/pending/discord_game_utils-1.zip: 45%
2024-05-17T20:07:38.253Z [Modules] Streaming discord_game_utils@1 to /home/kamilyousuf/.config/discord/0.0.53/modules/pending/discord_game_utils-1.zip: 46%
2024-05-17T20:07:38.258Z [Modules] Streaming discord_game_utils@1 to /home/kamilyousuf/.config/discord/0.0.53/modules/pending/discord_game_utils-1.zip: 48%
2024-05-17T20:07:38.264Z [Modules] Streaming discord_game_utils@1 to /home/kamilyousuf/.config/discord/0.0.53/modules/pending/discord_game_utils-1.zip: 49%
2024-05-17T20:07:38.268Z [Modules] Streaming discord_game_utils@1 to /home/kamilyousuf/.config/discord/0.0.53/modules/pending/discord_game_utils-1.zip: 50%
2024-05-17T20:07:38.272Z [Modules] Streaming discord_game_utils@1 to /home/kamilyousuf/.config/discord/0.0.53/modules/pending/discord_game_utils-1.zip: 51%
2024-05-17T20:07:38.321Z [Modules] Streaming discord_game_utils@1 to /home/kamilyousuf/.config/discord/0.0.53/modules/pending/discord_game_utils-1.zip: 52%
2024-05-17T20:07:38.329Z [Modules] Streaming discord_game_utils@1 to /home/kamilyousuf/.config/discord/0.0.53/modules/pending/discord_game_utils-1.zip: 54%
2024-05-17T20:07:38.333Z [Modules] Streaming discord_game_utils@1 to /home/kamilyousuf/.config/discord/0.0.53/modules/pending/discord_game_utils-1.zip: 57%
2024-05-17T20:07:38.338Z [Modules] Streaming discord_game_utils@1 to /home/kamilyousuf/.config/discord/0.0.53/modules/pending/discord_game_utils-1.zip: 58%
2024-05-17T20:07:38.345Z [Modules] Streaming discord_game_utils@1 to /home/kamilyousuf/.config/discord/0.0.53/modules/pending/discord_game_utils-1.zip: 60%
2024-05-17T20:07:38.350Z [Modules] Streaming discord_game_utils@1 to /home/kamilyousuf/.config/discord/0.0.53/modules/pending/discord_game_utils-1.zip: 62%
2024-05-17T20:07:38.352Z [Modules] Streaming discord_game_utils@1 to /home/kamilyousuf/.config/discord/0.0.53/modules/pending/discord_game_utils-1.zip: 65%
2024-05-17T20:07:38.352Z [Modules] Streaming discord_game_utils@1 to /home/kamilyousuf/.config/discord/0.0.53/modules/pending/discord_game_utils-1.zip: 66%
2024-05-17T20:07:38.353Z [Modules] Streaming discord_game_utils@1 to /home/kamilyousuf/.config/discord/0.0.53/modules/pending/discord_game_utils-1.zip: 68%
2024-05-17T20:07:38.353Z [Modules] Streaming discord_game_utils@1 to /home/kamilyousuf/.config/discord/0.0.53/modules/pending/discord_game_utils-1.zip: 71%
2024-05-17T20:07:38.355Z [Modules] Streaming discord_game_utils@1 to /home/kamilyousuf/.config/discord/0.0.53/modules/pending/discord_game_utils-1.zip: 72%
2024-05-17T20:07:38.357Z [Modules] Streaming discord_game_utils@1 to /home/kamilyousuf/.config/discord/0.0.53/modules/pending/discord_game_utils-1.zip: 73%
2024-05-17T20:07:38.365Z [Modules] Streaming discord_game_utils@1 to /home/kamilyousuf/.config/discord/0.0.53/modules/pending/discord_game_utils-1.zip: 75%
2024-05-17T20:07:38.370Z [Modules] Streaming discord_game_utils@1 to /home/kamilyousuf/.config/discord/0.0.53/modules/pending/discord_game_utils-1.zip: 76%
2024-05-17T20:07:38.372Z [Modules] Streaming discord_game_utils@1 to /home/kamilyousuf/.config/discord/0.0.53/modules/pending/discord_game_utils-1.zip: 77%
2024-05-17T20:07:38.378Z [Modules] Streaming discord_game_utils@1 to /home/kamilyousuf/.config/discord/0.0.53/modules/pending/discord_game_utils-1.zip: 78%
2024-05-17T20:07:38.382Z [Modules] Streaming discord_game_utils@1 to /home/kamilyousuf/.config/discord/0.0.53/modules/pending/discord_game_utils-1.zip: 79%
2024-05-17T20:07:38.384Z [Modules] Streaming discord_game_utils@1 to /home/kamilyousuf/.config/discord/0.0.53/modules/pending/discord_game_utils-1.zip: 80%
2024-05-17T20:07:38.390Z [Modules] Streaming discord_game_utils@1 to /home/kamilyousuf/.config/discord/0.0.53/modules/pending/discord_game_utils-1.zip: 81%
2024-05-17T20:07:38.394Z [Modules] Streaming discord_game_utils@1 to /home/kamilyousuf/.config/discord/0.0.53/modules/pending/discord_game_utils-1.zip: 82%
2024-05-17T20:07:38.398Z [Modules] Streaming discord_game_utils@1 to /home/kamilyousuf/.config/discord/0.0.53/modules/pending/discord_game_utils-1.zip: 83%
2024-05-17T20:07:38.403Z [Modules] Streaming discord_game_utils@1 to /home/kamilyousuf/.config/discord/0.0.53/modules/pending/discord_game_utils-1.zip: 84%
2024-05-17T20:07:38.412Z [Modules] Streaming discord_game_utils@1 to /home/kamilyousuf/.config/discord/0.0.53/modules/pending/discord_game_utils-1.zip: 86%
2024-05-17T20:07:38.414Z [Modules] Streaming discord_game_utils@1 to /home/kamilyousuf/.config/discord/0.0.53/modules/pending/discord_game_utils-1.zip: 87%
2024-05-17T20:07:38.433Z [Modules] Streaming discord_game_utils@1 to /home/kamilyousuf/.config/discord/0.0.53/modules/pending/discord_game_utils-1.zip: 89%
2024-05-17T20:07:38.434Z [Modules] Streaming discord_game_utils@1 to /home/kamilyousuf/.config/discord/0.0.53/modules/pending/discord_game_utils-1.zip: 90%
2024-05-17T20:07:38.438Z [Modules] Streaming discord_game_utils@1 to /home/kamilyousuf/.config/discord/0.0.53/modules/pending/discord_game_utils-1.zip: 91%
2024-05-17T20:07:38.442Z [Modules] Streaming discord_game_utils@1 to /home/kamilyousuf/.config/discord/0.0.53/modules/pending/discord_game_utils-1.zip: 93%
2024-05-17T20:07:38.445Z [Modules] Streaming discord_game_utils@1 to /home/kamilyousuf/.config/discord/0.0.53/modules/pending/discord_game_utils-1.zip: 95%
2024-05-17T20:07:38.449Z [Modules] Streaming discord_game_utils@1 to /home/kamilyousuf/.config/discord/0.0.53/modules/pending/discord_game_utils-1.zip: 96%
2024-05-17T20:07:38.456Z [Modules] Streaming discord_game_utils@1 to /home/kamilyousuf/.config/discord/0.0.53/modules/pending/discord_game_utils-1.zip: 97%
2024-05-17T20:07:38.460Z [Modules] Streaming discord_game_utils@1 to /home/kamilyousuf/.config/discord/0.0.53/modules/pending/discord_game_utils-1.zip: 100%
2024-05-17T20:07:38.462Z [Modules] Finished module downloads. [success: 2] [failure: 0]
2024-05-17T20:07:38.935Z [Modules] Host is up to date.
2024-05-17T20:07:38.936Z [Modules] Checking for module updates at https://discord.com/api/modules/stable/versions.json
2024-05-17T20:07:38.944Z [Modules] No module updates available.
2024-05-17T20:07:38.975Z [Modules] Installing discord_game_utils@1 from /home/kamilyousuf/.config/discord/0.0.53/modules/pending/discord_game_utils-1.zip
2024-05-17T20:07:39.138Z [Modules] Finished module installations. [success: 2] [failure: 0]
2024-05-17T20:07:39.166Z [Modules] Starting to install discord_rpc...
2024-05-17T20:07:39.166Z [Modules] Fetching discord_rpc@1 from https://discord.com/api/modules/stable/discord_rpc/1
2024-05-17T20:07:39.167Z [Modules] Streaming discord_rpc@1 to /home/kamilyousuf/.config/discord/0.0.53/modules/pending/discord_rpc-1.zip
2024-05-17T20:07:39.376Z [Modules] Streaming discord_rpc@1 to /home/kamilyousuf/.config/discord/0.0.53/modules/pending/discord_rpc-1.zip: 38%
2024-05-17T20:07:39.378Z [Modules] Streaming discord_rpc@1 to /home/kamilyousuf/.config/discord/0.0.53/modules/pending/discord_rpc-1.zip: 100%
2024-05-17T20:07:39.380Z [Modules] Finished module downloads. [success: 1] [failure: 0]
2024-05-17T20:07:39.380Z [Modules] Installing discord_rpc@1 from /home/kamilyousuf/.config/discord/0.0.53/modules/pending/discord_rpc-1.zip
2024-05-17T20:07:39.412Z [Modules] Finished module installations. [success: 1] [failure: 0]
